{"C:\\Users\\matth\\smp-bot\\src\\commands\\checkbans.js": {"path":"C:\\Users\\matth\\smp-bot\\src\\commands\\checkbans.js","statementMap":{"0":{"start":{"line":8,"column":32},"end":{"line":8,"column":53}},"1":{"start":{"line":9,"column":21},"end":{"line":9,"column":60}},"2":{"start":{"line":10,"column":25},"end":{"line":10,"column":56}},"3":{"start":{"line":11,"column":26},"end":{"line":11,"column":60}},"4":{"start":{"line":12,"column":35},"end":{"line":12,"column":61}},"5":{"start":{"line":14,"column":0},"end":{"line":56,"column":2}},"6":{"start":{"line":19,"column":6},"end":{"line":21,"column":26}},"7":{"start":{"line":24,"column":4},"end":{"line":24,"column":43}},"8":{"start":{"line":24,"column":36},"end":{"line":24,"column":43}},"9":{"start":{"line":25,"column":4},"end":{"line":25,"column":54}},"10":{"start":{"line":27,"column":18},"end":{"line":27,"column":57}},"11":{"start":{"line":29,"column":4},"end":{"line":54,"column":5}},"12":{"start":{"line":30,"column":21},"end":{"line":30,"column":47}},"13":{"start":{"line":31,"column":6},"end":{"line":35,"column":7}},"14":{"start":{"line":32,"column":8},"end":{"line":34,"column":11}},"15":{"start":{"line":37,"column":26},"end":{"line":37,"column":78}},"16":{"start":{"line":39,"column":6},"end":{"line":43,"column":7}},"17":{"start":{"line":40,"column":8},"end":{"line":42,"column":11}},"18":{"start":{"line":45,"column":20},"end":{"line":45,"column":72}},"19":{"start":{"line":46,"column":6},"end":{"line":46,"column":55}},"20":{"start":{"line":48,"column":6},"end":{"line":50,"column":8}},"21":{"start":{"line":51,"column":6},"end":{"line":53,"column":9}}},"fnMap":{"0":{"name":"(anonymous_0)","decl":{"start":{"line":18,"column":21},"end":{"line":18,"column":22}},"loc":{"start":{"line":19,"column":6},"end":{"line":21,"column":26}},"line":19},"1":{"name":"(anonymous_1)","decl":{"start":{"line":23,"column":2},"end":{"line":23,"column":3}},"loc":{"start":{"line":23,"column":29},"end":{"line":55,"column":3}},"line":23}},"branchMap":{"0":{"loc":{"start":{"line":24,"column":4},"end":{"line":24,"column":43}},"type":"if","locations":[{"start":{"line":24,"column":4},"end":{"line":24,"column":43}},{"start":{},"end":{}}],"line":24},"1":{"loc":{"start":{"line":31,"column":6},"end":{"line":35,"column":7}},"type":"if","locations":[{"start":{"line":31,"column":6},"end":{"line":35,"column":7}},{"start":{},"end":{}}],"line":31},"2":{"loc":{"start":{"line":39,"column":6},"end":{"line":43,"column":7}},"type":"if","locations":[{"start":{"line":39,"column":6},"end":{"line":43,"column":7}},{"start":{},"end":{}}],"line":39}},"s":{"0":1,"1":1,"2":1,"3":1,"4":1,"5":1,"6":1,"7":5,"8":1,"9":4,"10":4,"11":4,"12":4,"13":4,"14":1,"15":3,"16":2,"17":1,"18":1,"19":1,"20":1,"21":1},"f":{"0":1,"1":5},"b":{"0":[1,4],"1":[1,3],"2":[1,1]},"_coverageSchema":"1a1c01bbd47fc00a2c39e90264f33305004495a9","hash":"c9ebfba556ebd4a7d0ffbf35a4034099b7cec9a4"}
,"C:\\Users\\matth\\smp-bot\\src\\commands\\event.js": {"path":"C:\\Users\\matth\\smp-bot\\src\\commands\\event.js","statementMap":{"0":{"start":{"line":14,"column":4},"end":{"line":14,"column":25}},"1":{"start":{"line":15,"column":11},"end":{"line":15,"column":27}},"2":{"start":{"line":16,"column":25},"end":{"line":16,"column":56}},"3":{"start":{"line":17,"column":51},"end":{"line":17,"column":77}},"4":{"start":{"line":18,"column":19},"end":{"line":18,"column":39}},"5":{"start":{"line":20,"column":16},"end":{"line":20,"column":37}},"6":{"start":{"line":21,"column":16},"end":{"line":21,"column":31}},"7":{"start":{"line":23,"column":0},"end":{"line":78,"column":2}},"8":{"start":{"line":28,"column":6},"end":{"line":42,"column":91}},"9":{"start":{"line":32,"column":10},"end":{"line":32,"column":76}},"10":{"start":{"line":34,"column":10},"end":{"line":34,"column":89}},"11":{"start":{"line":36,"column":10},"end":{"line":36,"column":89}},"12":{"start":{"line":38,"column":10},"end":{"line":40,"column":30}},"13":{"start":{"line":42,"column":10},"end":{"line":42,"column":90}},"14":{"start":{"line":45,"column":6},"end":{"line":47,"column":47}},"15":{"start":{"line":50,"column":6},"end":{"line":54,"column":73}},"16":{"start":{"line":54,"column":10},"end":{"line":54,"column":72}},"17":{"start":{"line":58,"column":23},"end":{"line":58,"column":58}},"18":{"start":{"line":60,"column":4},"end":{"line":76,"column":5}},"19":{"start":{"line":61,"column":6},"end":{"line":67,"column":7}},"20":{"start":{"line":62,"column":8},"end":{"line":62,"column":40}},"21":{"start":{"line":63,"column":13},"end":{"line":67,"column":7}},"22":{"start":{"line":64,"column":8},"end":{"line":64,"column":38}},"23":{"start":{"line":65,"column":13},"end":{"line":67,"column":7}},"24":{"start":{"line":66,"column":8},"end":{"line":66,"column":40}},"25":{"start":{"line":69,"column":6},"end":{"line":69,"column":93}},"26":{"start":{"line":70,"column":6},"end":{"line":75,"column":7}},"27":{"start":{"line":71,"column":8},"end":{"line":74,"column":11}},"28":{"start":{"line":83,"column":2},"end":{"line":83,"column":41}},"29":{"start":{"line":83,"column":34},"end":{"line":83,"column":41}},"30":{"start":{"line":85,"column":15},"end":{"line":85,"column":52}},"31":{"start":{"line":86,"column":15},"end":{"line":86,"column":52}},"32":{"start":{"line":87,"column":15},"end":{"line":87,"column":52}},"33":{"start":{"line":88,"column":19},"end":{"line":88,"column":60}},"34":{"start":{"line":89,"column":22},"end":{"line":89,"column":66}},"35":{"start":{"line":91,"column":2},"end":{"line":96,"column":3}},"36":{"start":{"line":92,"column":4},"end":{"line":95,"column":7}},"37":{"start":{"line":97,"column":2},"end":{"line":102,"column":3}},"38":{"start":{"line":98,"column":4},"end":{"line":101,"column":7}},"39":{"start":{"line":104,"column":18},"end":{"line":111,"column":4}},"40":{"start":{"line":113,"column":20},"end":{"line":113,"column":44}},"41":{"start":{"line":114,"column":28},"end":{"line":114,"column":61}},"42":{"start":{"line":116,"column":21},"end":{"line":121,"column":3}},"43":{"start":{"line":124,"column":24},"end":{"line":124,"column":53}},"44":{"start":{"line":125,"column":2},"end":{"line":127,"column":3}},"45":{"start":{"line":126,"column":4},"end":{"line":126,"column":88}},"46":{"start":{"line":129,"column":2},"end":{"line":132,"column":5}},"47":{"start":{"line":136,"column":17},"end":{"line":136,"column":39}},"48":{"start":{"line":138,"column":2},"end":{"line":140,"column":3}},"49":{"start":{"line":139,"column":4},"end":{"line":139,"column":92}},"50":{"start":{"line":142,"column":17},"end":{"line":142,"column":39}},"51":{"start":{"line":143,"column":2},"end":{"line":143,"column":59}},"52":{"start":{"line":147,"column":2},"end":{"line":147,"column":41}},"53":{"start":{"line":147,"column":34},"end":{"line":147,"column":41}},"54":{"start":{"line":149,"column":13},"end":{"line":149,"column":49}},"55":{"start":{"line":150,"column":16},"end":{"line":150,"column":35}},"56":{"start":{"line":152,"column":2},"end":{"line":157,"column":3}},"57":{"start":{"line":153,"column":4},"end":{"line":156,"column":7}},"58":{"start":{"line":159,"column":2},"end":{"line":159,"column":21}},"59":{"start":{"line":162,"column":24},"end":{"line":162,"column":53}},"60":{"start":{"line":163,"column":2},"end":{"line":167,"column":3}},"61":{"start":{"line":164,"column":4},"end":{"line":166,"column":7}},"62":{"start":{"line":169,"column":2},"end":{"line":172,"column":5}},"63":{"start":{"line":178,"column":2},"end":{"line":178,"column":43}},"64":{"start":{"line":178,"column":31},"end":{"line":178,"column":43}},"65":{"start":{"line":179,"column":2},"end":{"line":179,"column":78}}},"fnMap":{"0":{"name":"(anonymous_0)","decl":{"start":{"line":27,"column":19},"end":{"line":27,"column":20}},"loc":{"start":{"line":28,"column":6},"end":{"line":42,"column":91}},"line":28},"1":{"name":"(anonymous_1)","decl":{"start":{"line":31,"column":25},"end":{"line":31,"column":26}},"loc":{"start":{"line":32,"column":10},"end":{"line":32,"column":76}},"line":32},"2":{"name":"(anonymous_2)","decl":{"start":{"line":33,"column":25},"end":{"line":33,"column":26}},"loc":{"start":{"line":34,"column":10},"end":{"line":34,"column":89}},"line":34},"3":{"name":"(anonymous_3)","decl":{"start":{"line":35,"column":25},"end":{"line":35,"column":26}},"loc":{"start":{"line":36,"column":10},"end":{"line":36,"column":89}},"line":36},"4":{"name":"(anonymous_4)","decl":{"start":{"line":37,"column":25},"end":{"line":37,"column":26}},"loc":{"start":{"line":38,"column":10},"end":{"line":40,"column":30}},"line":38},"5":{"name":"(anonymous_5)","decl":{"start":{"line":41,"column":25},"end":{"line":41,"column":26}},"loc":{"start":{"line":42,"column":10},"end":{"line":42,"column":90}},"line":42},"6":{"name":"(anonymous_6)","decl":{"start":{"line":44,"column":19},"end":{"line":44,"column":20}},"loc":{"start":{"line":45,"column":6},"end":{"line":47,"column":47}},"line":45},"7":{"name":"(anonymous_7)","decl":{"start":{"line":49,"column":19},"end":{"line":49,"column":20}},"loc":{"start":{"line":50,"column":6},"end":{"line":54,"column":73}},"line":50},"8":{"name":"(anonymous_8)","decl":{"start":{"line":53,"column":26},"end":{"line":53,"column":27}},"loc":{"start":{"line":54,"column":10},"end":{"line":54,"column":72}},"line":54},"9":{"name":"(anonymous_9)","decl":{"start":{"line":57,"column":2},"end":{"line":57,"column":3}},"loc":{"start":{"line":57,"column":29},"end":{"line":77,"column":3}},"line":57},"10":{"name":"handleCreate","decl":{"start":{"line":82,"column":15},"end":{"line":82,"column":27}},"loc":{"start":{"line":82,"column":41},"end":{"line":133,"column":1}},"line":82},"11":{"name":"handleList","decl":{"start":{"line":135,"column":15},"end":{"line":135,"column":25}},"loc":{"start":{"line":135,"column":39},"end":{"line":144,"column":1}},"line":135},"12":{"name":"handleCancel","decl":{"start":{"line":146,"column":15},"end":{"line":146,"column":27}},"loc":{"start":{"line":146,"column":41},"end":{"line":173,"column":1}},"line":146},"13":{"name":"getEventsChannel","decl":{"start":{"line":177,"column":9},"end":{"line":177,"column":25}},"loc":{"start":{"line":177,"column":39},"end":{"line":180,"column":1}},"line":177}},"branchMap":{"0":{"loc":{"start":{"line":61,"column":6},"end":{"line":67,"column":7}},"type":"if","locations":[{"start":{"line":61,"column":6},"end":{"line":67,"column":7}},{"start":{"line":63,"column":13},"end":{"line":67,"column":7}}],"line":61},"1":{"loc":{"start":{"line":63,"column":13},"end":{"line":67,"column":7}},"type":"if","locations":[{"start":{"line":63,"column":13},"end":{"line":67,"column":7}},{"start":{"line":65,"column":13},"end":{"line":67,"column":7}}],"line":63},"2":{"loc":{"start":{"line":65,"column":13},"end":{"line":67,"column":7}},"type":"if","locations":[{"start":{"line":65,"column":13},"end":{"line":67,"column":7}},{"start":{},"end":{}}],"line":65},"3":{"loc":{"start":{"line":70,"column":6},"end":{"line":75,"column":7}},"type":"if","locations":[{"start":{"line":70,"column":6},"end":{"line":75,"column":7}},{"start":{},"end":{}}],"line":70},"4":{"loc":{"start":{"line":70,"column":10},"end":{"line":70,"column":55}},"type":"binary-expr","locations":[{"start":{"line":70,"column":10},"end":{"line":70,"column":30}},{"start":{"line":70,"column":34},"end":{"line":70,"column":55}}],"line":70},"5":{"loc":{"start":{"line":83,"column":2},"end":{"line":83,"column":41}},"type":"if","locations":[{"start":{"line":83,"column":2},"end":{"line":83,"column":41}},{"start":{},"end":{}}],"line":83},"6":{"loc":{"start":{"line":91,"column":2},"end":{"line":96,"column":3}},"type":"if","locations":[{"start":{"line":91,"column":2},"end":{"line":96,"column":3}},{"start":{},"end":{}}],"line":91},"7":{"loc":{"start":{"line":97,"column":2},"end":{"line":102,"column":3}},"type":"if","locations":[{"start":{"line":97,"column":2},"end":{"line":102,"column":3}},{"start":{},"end":{}}],"line":97},"8":{"loc":{"start":{"line":125,"column":2},"end":{"line":127,"column":3}},"type":"if","locations":[{"start":{"line":125,"column":2},"end":{"line":127,"column":3}},{"start":{},"end":{}}],"line":125},"9":{"loc":{"start":{"line":138,"column":2},"end":{"line":140,"column":3}},"type":"if","locations":[{"start":{"line":138,"column":2},"end":{"line":140,"column":3}},{"start":{},"end":{}}],"line":138},"10":{"loc":{"start":{"line":147,"column":2},"end":{"line":147,"column":41}},"type":"if","locations":[{"start":{"line":147,"column":2},"end":{"line":147,"column":41}},{"start":{},"end":{}}],"line":147},"11":{"loc":{"start":{"line":152,"column":2},"end":{"line":157,"column":3}},"type":"if","locations":[{"start":{"line":152,"column":2},"end":{"line":157,"column":3}},{"start":{},"end":{}}],"line":152},"12":{"loc":{"start":{"line":163,"column":2},"end":{"line":167,"column":3}},"type":"if","locations":[{"start":{"line":163,"column":2},"end":{"line":167,"column":3}},{"start":{},"end":{}}],"line":163},"13":{"loc":{"start":{"line":178,"column":2},"end":{"line":178,"column":43}},"type":"if","locations":[{"start":{"line":178,"column":2},"end":{"line":178,"column":43}},{"start":{},"end":{}}],"line":178},"14":{"loc":{"start":{"line":179,"column":9},"end":{"line":179,"column":77}},"type":"binary-expr","locations":[{"start":{"line":179,"column":9},"end":{"line":179,"column":69}},{"start":{"line":179,"column":73},"end":{"line":179,"column":77}}],"line":179}},"s":{"0":1,"1":1,"2":1,"3":1,"4":1,"5":1,"6":1,"7":1,"8":1,"9":1,"10":1,"11":1,"12":1,"13":1,"14":1,"15":1,"16":1,"17":9,"18":9,"19":9,"20":4,"21":5,"22":2,"23":3,"24":3,"25":0,"26":0,"27":0,"28":4,"29":1,"30":3,"31":3,"32":3,"33":3,"34":3,"35":3,"36":1,"37":2,"38":1,"39":1,"40":1,"41":1,"42":1,"43":1,"44":1,"45":1,"46":1,"47":2,"48":2,"49":1,"50":1,"51":1,"52":3,"53":1,"54":2,"55":2,"56":2,"57":1,"58":1,"59":1,"60":1,"61":1,"62":1,"63":2,"64":0,"65":2},"f":{"0":1,"1":1,"2":1,"3":1,"4":1,"5":1,"6":1,"7":1,"8":1,"9":9,"10":4,"11":2,"12":3,"13":2},"b":{"0":[4,5],"1":[2,3],"2":[3,0],"3":[0,0],"4":[0,0],"5":[1,3],"6":[1,2],"7":[1,1],"8":[1,0],"9":[1,1],"10":[1,2],"11":[1,1],"12":[1,0],"13":[0,2],"14":[2,0]},"_coverageSchema":"1a1c01bbd47fc00a2c39e90264f33305004495a9","hash":"708baea0bcd37b404f76c23187c33e2e1edcb3ce"}
,"C:\\Users\\matth\\smp-bot\\src\\commands\\history.js": {"path":"C:\\Users\\matth\\smp-bot\\src\\commands\\history.js","statementMap":{"0":{"start":{"line":7,"column":32},"end":{"line":7,"column":53}},"1":{"start":{"line":8,"column":21},"end":{"line":8,"column":60}},"2":{"start":{"line":9,"column":25},"end":{"line":9,"column":56}},"3":{"start":{"line":10,"column":26},"end":{"line":10,"column":60}},"4":{"start":{"line":11,"column":35},"end":{"line":11,"column":61}},"5":{"start":{"line":13,"column":0},"end":{"line":55,"column":2}},"6":{"start":{"line":18,"column":6},"end":{"line":20,"column":26}},"7":{"start":{"line":23,"column":4},"end":{"line":23,"column":43}},"8":{"start":{"line":23,"column":36},"end":{"line":23,"column":43}},"9":{"start":{"line":24,"column":4},"end":{"line":24,"column":54}},"10":{"start":{"line":26,"column":18},"end":{"line":26,"column":57}},"11":{"start":{"line":28,"column":4},"end":{"line":53,"column":5}},"12":{"start":{"line":29,"column":21},"end":{"line":29,"column":47}},"13":{"start":{"line":30,"column":6},"end":{"line":34,"column":7}},"14":{"start":{"line":31,"column":8},"end":{"line":33,"column":11}},"15":{"start":{"line":36,"column":22},"end":{"line":36,"column":74}},"16":{"start":{"line":38,"column":6},"end":{"line":42,"column":7}},"17":{"start":{"line":39,"column":8},"end":{"line":41,"column":11}},"18":{"start":{"line":44,"column":20},"end":{"line":44,"column":68}},"19":{"start":{"line":45,"column":6},"end":{"line":45,"column":55}},"20":{"start":{"line":47,"column":6},"end":{"line":49,"column":8}},"21":{"start":{"line":50,"column":6},"end":{"line":52,"column":9}}},"fnMap":{"0":{"name":"(anonymous_0)","decl":{"start":{"line":17,"column":21},"end":{"line":17,"column":22}},"loc":{"start":{"line":18,"column":6},"end":{"line":20,"column":26}},"line":18},"1":{"name":"(anonymous_1)","decl":{"start":{"line":22,"column":2},"end":{"line":22,"column":3}},"loc":{"start":{"line":22,"column":29},"end":{"line":54,"column":3}},"line":22}},"branchMap":{"0":{"loc":{"start":{"line":23,"column":4},"end":{"line":23,"column":43}},"type":"if","locations":[{"start":{"line":23,"column":4},"end":{"line":23,"column":43}},{"start":{},"end":{}}],"line":23},"1":{"loc":{"start":{"line":30,"column":6},"end":{"line":34,"column":7}},"type":"if","locations":[{"start":{"line":30,"column":6},"end":{"line":34,"column":7}},{"start":{},"end":{}}],"line":30},"2":{"loc":{"start":{"line":38,"column":6},"end":{"line":42,"column":7}},"type":"if","locations":[{"start":{"line":38,"column":6},"end":{"line":42,"column":7}},{"start":{},"end":{}}],"line":38}},"s":{"0":1,"1":1,"2":1,"3":1,"4":1,"5":1,"6":1,"7":3,"8":1,"9":2,"10":2,"11":2,"12":2,"13":2,"14":0,"15":2,"16":2,"17":1,"18":1,"19":1,"20":0,"21":0},"f":{"0":1,"1":3},"b":{"0":[1,2],"1":[0,2],"2":[1,1]},"_coverageSchema":"1a1c01bbd47fc00a2c39e90264f33305004495a9","hash":"3194a1b318bc62990e7ca226ef27682522f53f72"}
,"C:\\Users\\matth\\smp-bot\\src\\commands\\poi.js": {"path":"C:\\Users\\matth\\smp-bot\\src\\commands\\poi.js","statementMap":{"0":{"start":{"line":8,"column":32},"end":{"line":8,"column":53}},"1":{"start":{"line":9,"column":11},"end":{"line":9,"column":27}},"2":{"start":{"line":10,"column":25},"end":{"line":10,"column":56}},"3":{"start":{"line":11,"column":45},"end":{"line":11,"column":71}},"4":{"start":{"line":13,"column":22},"end":{"line":13,"column":23}},"5":{"start":{"line":15,"column":0},"end":{"line":77,"column":2}},"6":{"start":{"line":20,"column":6},"end":{"line":41,"column":85}},"7":{"start":{"line":24,"column":10},"end":{"line":24,"column":74}},"8":{"start":{"line":26,"column":10},"end":{"line":26,"column":75}},"9":{"start":{"line":28,"column":10},"end":{"line":28,"column":75}},"10":{"start":{"line":30,"column":10},"end":{"line":30,"column":75}},"11":{"start":{"line":32,"column":10},"end":{"line":39,"column":13}},"12":{"start":{"line":41,"column":10},"end":{"line":41,"column":84}},"13":{"start":{"line":44,"column":6},"end":{"line":46,"column":54}},"14":{"start":{"line":49,"column":6},"end":{"line":53,"column":75}},"15":{"start":{"line":53,"column":10},"end":{"line":53,"column":74}},"16":{"start":{"line":57,"column":23},"end":{"line":57,"column":58}},"17":{"start":{"line":59,"column":4},"end":{"line":75,"column":5}},"18":{"start":{"line":60,"column":6},"end":{"line":66,"column":7}},"19":{"start":{"line":61,"column":8},"end":{"line":61,"column":37}},"20":{"start":{"line":62,"column":13},"end":{"line":66,"column":7}},"21":{"start":{"line":63,"column":8},"end":{"line":63,"column":38}},"22":{"start":{"line":64,"column":13},"end":{"line":66,"column":7}},"23":{"start":{"line":65,"column":8},"end":{"line":65,"column":40}},"24":{"start":{"line":68,"column":6},"end":{"line":68,"column":91}},"25":{"start":{"line":69,"column":6},"end":{"line":74,"column":7}},"26":{"start":{"line":70,"column":8},"end":{"line":73,"column":11}},"27":{"start":{"line":82,"column":15},"end":{"line":82,"column":52}},"28":{"start":{"line":83,"column":12},"end":{"line":83,"column":46}},"29":{"start":{"line":84,"column":12},"end":{"line":84,"column":46}},"30":{"start":{"line":85,"column":12},"end":{"line":85,"column":46}},"31":{"start":{"line":86,"column":20},"end":{"line":86,"column":62}},"32":{"start":{"line":87,"column":22},"end":{"line":87,"column":66}},"33":{"start":{"line":90,"column":2},"end":{"line":95,"column":3}},"34":{"start":{"line":91,"column":4},"end":{"line":94,"column":7}},"35":{"start":{"line":97,"column":19},"end":{"line":97,"column":40}},"36":{"start":{"line":98,"column":2},"end":{"line":103,"column":3}},"37":{"start":{"line":99,"column":4},"end":{"line":102,"column":7}},"38":{"start":{"line":105,"column":2},"end":{"line":105,"column":87}},"39":{"start":{"line":107,"column":16},"end":{"line":107,"column":77}},"40":{"start":{"line":108,"column":2},"end":{"line":108,"column":47}},"41":{"start":{"line":112,"column":15},"end":{"line":112,"column":30}},"42":{"start":{"line":114,"column":2},"end":{"line":116,"column":3}},"43":{"start":{"line":115,"column":4},"end":{"line":115,"column":93}},"44":{"start":{"line":118,"column":21},"end":{"line":118,"column":59}},"45":{"start":{"line":120,"column":2},"end":{"line":130,"column":3}},"46":{"start":{"line":120,"column":18},"end":{"line":120,"column":19}},"47":{"start":{"line":121,"column":18},"end":{"line":121,"column":78}},"48":{"start":{"line":122,"column":4},"end":{"line":127,"column":5}},"49":{"start":{"line":124,"column":6},"end":{"line":126,"column":9}},"50":{"start":{"line":134,"column":2},"end":{"line":134,"column":41}},"51":{"start":{"line":134,"column":34},"end":{"line":134,"column":41}},"52":{"start":{"line":136,"column":15},"end":{"line":136,"column":52}},"53":{"start":{"line":137,"column":14},"end":{"line":137,"column":35}},"54":{"start":{"line":139,"column":2},"end":{"line":144,"column":3}},"55":{"start":{"line":140,"column":4},"end":{"line":143,"column":7}},"56":{"start":{"line":146,"column":2},"end":{"line":146,"column":21}},"57":{"start":{"line":147,"column":2},"end":{"line":150,"column":5}}},"fnMap":{"0":{"name":"(anonymous_0)","decl":{"start":{"line":19,"column":19},"end":{"line":19,"column":20}},"loc":{"start":{"line":20,"column":6},"end":{"line":41,"column":85}},"line":20},"1":{"name":"(anonymous_1)","decl":{"start":{"line":23,"column":25},"end":{"line":23,"column":26}},"loc":{"start":{"line":24,"column":10},"end":{"line":24,"column":74}},"line":24},"2":{"name":"(anonymous_2)","decl":{"start":{"line":25,"column":25},"end":{"line":25,"column":26}},"loc":{"start":{"line":26,"column":10},"end":{"line":26,"column":75}},"line":26},"3":{"name":"(anonymous_3)","decl":{"start":{"line":27,"column":25},"end":{"line":27,"column":26}},"loc":{"start":{"line":28,"column":10},"end":{"line":28,"column":75}},"line":28},"4":{"name":"(anonymous_4)","decl":{"start":{"line":29,"column":25},"end":{"line":29,"column":26}},"loc":{"start":{"line":30,"column":10},"end":{"line":30,"column":75}},"line":30},"5":{"name":"(anonymous_5)","decl":{"start":{"line":31,"column":25},"end":{"line":31,"column":26}},"loc":{"start":{"line":32,"column":10},"end":{"line":39,"column":13}},"line":32},"6":{"name":"(anonymous_6)","decl":{"start":{"line":40,"column":25},"end":{"line":40,"column":26}},"loc":{"start":{"line":41,"column":10},"end":{"line":41,"column":84}},"line":41},"7":{"name":"(anonymous_7)","decl":{"start":{"line":43,"column":19},"end":{"line":43,"column":20}},"loc":{"start":{"line":44,"column":6},"end":{"line":46,"column":54}},"line":44},"8":{"name":"(anonymous_8)","decl":{"start":{"line":48,"column":19},"end":{"line":48,"column":20}},"loc":{"start":{"line":49,"column":6},"end":{"line":53,"column":75}},"line":49},"9":{"name":"(anonymous_9)","decl":{"start":{"line":52,"column":25},"end":{"line":52,"column":26}},"loc":{"start":{"line":53,"column":10},"end":{"line":53,"column":74}},"line":53},"10":{"name":"(anonymous_10)","decl":{"start":{"line":56,"column":2},"end":{"line":56,"column":3}},"loc":{"start":{"line":56,"column":29},"end":{"line":76,"column":3}},"line":56},"11":{"name":"handleAdd","decl":{"start":{"line":81,"column":15},"end":{"line":81,"column":24}},"loc":{"start":{"line":81,"column":38},"end":{"line":109,"column":1}},"line":81},"12":{"name":"handleList","decl":{"start":{"line":111,"column":15},"end":{"line":111,"column":25}},"loc":{"start":{"line":111,"column":39},"end":{"line":131,"column":1}},"line":111},"13":{"name":"handleRemove","decl":{"start":{"line":133,"column":15},"end":{"line":133,"column":27}},"loc":{"start":{"line":133,"column":41},"end":{"line":151,"column":1}},"line":133}},"branchMap":{"0":{"loc":{"start":{"line":60,"column":6},"end":{"line":66,"column":7}},"type":"if","locations":[{"start":{"line":60,"column":6},"end":{"line":66,"column":7}},{"start":{"line":62,"column":13},"end":{"line":66,"column":7}}],"line":60},"1":{"loc":{"start":{"line":62,"column":13},"end":{"line":66,"column":7}},"type":"if","locations":[{"start":{"line":62,"column":13},"end":{"line":66,"column":7}},{"start":{"line":64,"column":13},"end":{"line":66,"column":7}}],"line":62},"2":{"loc":{"start":{"line":64,"column":13},"end":{"line":66,"column":7}},"type":"if","locations":[{"start":{"line":64,"column":13},"end":{"line":66,"column":7}},{"start":{},"end":{}}],"line":64},"3":{"loc":{"start":{"line":69,"column":6},"end":{"line":74,"column":7}},"type":"if","locations":[{"start":{"line":69,"column":6},"end":{"line":74,"column":7}},{"start":{},"end":{}}],"line":69},"4":{"loc":{"start":{"line":69,"column":10},"end":{"line":69,"column":55}},"type":"binary-expr","locations":[{"start":{"line":69,"column":10},"end":{"line":69,"column":30}},{"start":{"line":69,"column":34},"end":{"line":69,"column":55}}],"line":69},"5":{"loc":{"start":{"line":90,"column":2},"end":{"line":95,"column":3}},"type":"if","locations":[{"start":{"line":90,"column":2},"end":{"line":95,"column":3}},{"start":{},"end":{}}],"line":90},"6":{"loc":{"start":{"line":98,"column":2},"end":{"line":103,"column":3}},"type":"if","locations":[{"start":{"line":98,"column":2},"end":{"line":103,"column":3}},{"start":{},"end":{}}],"line":98},"7":{"loc":{"start":{"line":114,"column":2},"end":{"line":116,"column":3}},"type":"if","locations":[{"start":{"line":114,"column":2},"end":{"line":116,"column":3}},{"start":{},"end":{}}],"line":114},"8":{"loc":{"start":{"line":122,"column":4},"end":{"line":127,"column":5}},"type":"if","locations":[{"start":{"line":122,"column":4},"end":{"line":127,"column":5}},{"start":{},"end":{}}],"line":122},"9":{"loc":{"start":{"line":134,"column":2},"end":{"line":134,"column":41}},"type":"if","locations":[{"start":{"line":134,"column":2},"end":{"line":134,"column":41}},{"start":{},"end":{}}],"line":134},"10":{"loc":{"start":{"line":139,"column":2},"end":{"line":144,"column":3}},"type":"if","locations":[{"start":{"line":139,"column":2},"end":{"line":144,"column":3}},{"start":{},"end":{}}],"line":139}},"s":{"0":1,"1":1,"2":1,"3":1,"4":1,"5":1,"6":1,"7":1,"8":1,"9":1,"10":1,"11":1,"12":1,"13":1,"14":1,"15":1,"16":8,"17":8,"18":8,"19":3,"20":5,"21":2,"22":3,"23":3,"24":0,"25":0,"26":0,"27":3,"28":3,"29":3,"30":3,"31":3,"32":3,"33":3,"34":1,"35":2,"36":2,"37":1,"38":1,"39":1,"40":1,"41":2,"42":2,"43":1,"44":1,"45":1,"46":1,"47":1,"48":1,"49":1,"50":3,"51":1,"52":2,"53":2,"54":2,"55":1,"56":1,"57":1},"f":{"0":1,"1":1,"2":1,"3":1,"4":1,"5":1,"6":1,"7":1,"8":1,"9":1,"10":8,"11":3,"12":2,"13":3},"b":{"0":[3,5],"1":[2,3],"2":[3,0],"3":[0,0],"4":[0,0],"5":[1,2],"6":[1,1],"7":[1,1],"8":[1,0],"9":[1,2],"10":[1,1]},"_coverageSchema":"1a1c01bbd47fc00a2c39e90264f33305004495a9","hash":"4d41197f2f1f030850af01448c38289cdf995b2b"}
,"C:\\Users\\matth\\smp-bot\\src\\commands\\poll.js": {"path":"C:\\Users\\matth\\smp-bot\\src\\commands\\poll.js","statementMap":{"0":{"start":{"line":9,"column":32},"end":{"line":9,"column":53}},"1":{"start":{"line":10,"column":22},"end":{"line":10,"column":48}},"2":{"start":{"line":11,"column":19},"end":{"line":11,"column":39}},"3":{"start":{"line":13,"column":22},"end":{"line":13,"column":90}},"4":{"start":{"line":15,"column":0},"end":{"line":92,"column":2}},"5":{"start":{"line":20,"column":6},"end":{"line":20,"column":79}},"6":{"start":{"line":22,"column":6},"end":{"line":22,"column":73}},"7":{"start":{"line":24,"column":6},"end":{"line":24,"column":73}},"8":{"start":{"line":26,"column":6},"end":{"line":26,"column":74}},"9":{"start":{"line":28,"column":6},"end":{"line":28,"column":74}},"10":{"start":{"line":31,"column":21},"end":{"line":31,"column":62}},"11":{"start":{"line":32,"column":20},"end":{"line":37,"column":21}},"12":{"start":{"line":39,"column":4},"end":{"line":44,"column":5}},"13":{"start":{"line":40,"column":6},"end":{"line":43,"column":9}},"14":{"start":{"line":46,"column":18},"end":{"line":46,"column":46}},"15":{"start":{"line":48,"column":4},"end":{"line":90,"column":5}},"16":{"start":{"line":51,"column":6},"end":{"line":76,"column":7}},"17":{"start":{"line":52,"column":29},"end":{"line":52,"column":88}},"18":{"start":{"line":53,"column":8},"end":{"line":58,"column":9}},"19":{"start":{"line":54,"column":10},"end":{"line":57,"column":13}},"20":{"start":{"line":60,"column":8},"end":{"line":63,"column":11}},"21":{"start":{"line":65,"column":8},"end":{"line":68,"column":11}},"22":{"start":{"line":71,"column":8},"end":{"line":75,"column":11}},"23":{"start":{"line":79,"column":6},"end":{"line":81,"column":7}},"24":{"start":{"line":79,"column":19},"end":{"line":79,"column":20}},"25":{"start":{"line":80,"column":8},"end":{"line":80,"column":46}},"26":{"start":{"line":83,"column":6},"end":{"line":83,"column":78}},"27":{"start":{"line":84,"column":6},"end":{"line":89,"column":7}},"28":{"start":{"line":85,"column":8},"end":{"line":88,"column":11}}},"fnMap":{"0":{"name":"(anonymous_0)","decl":{"start":{"line":19,"column":21},"end":{"line":19,"column":22}},"loc":{"start":{"line":20,"column":6},"end":{"line":20,"column":79}},"line":20},"1":{"name":"(anonymous_1)","decl":{"start":{"line":21,"column":21},"end":{"line":21,"column":22}},"loc":{"start":{"line":22,"column":6},"end":{"line":22,"column":73}},"line":22},"2":{"name":"(anonymous_2)","decl":{"start":{"line":23,"column":21},"end":{"line":23,"column":22}},"loc":{"start":{"line":24,"column":6},"end":{"line":24,"column":73}},"line":24},"3":{"name":"(anonymous_3)","decl":{"start":{"line":25,"column":21},"end":{"line":25,"column":22}},"loc":{"start":{"line":26,"column":6},"end":{"line":26,"column":74}},"line":26},"4":{"name":"(anonymous_4)","decl":{"start":{"line":27,"column":21},"end":{"line":27,"column":22}},"loc":{"start":{"line":28,"column":6},"end":{"line":28,"column":74}},"line":28},"5":{"name":"(anonymous_5)","decl":{"start":{"line":30,"column":2},"end":{"line":30,"column":3}},"loc":{"start":{"line":30,"column":29},"end":{"line":91,"column":3}},"line":30}},"branchMap":{"0":{"loc":{"start":{"line":39,"column":4},"end":{"line":44,"column":5}},"type":"if","locations":[{"start":{"line":39,"column":4},"end":{"line":44,"column":5}},{"start":{},"end":{}}],"line":39},"1":{"loc":{"start":{"line":51,"column":6},"end":{"line":76,"column":7}},"type":"if","locations":[{"start":{"line":51,"column":6},"end":{"line":76,"column":7}},{"start":{"line":69,"column":13},"end":{"line":76,"column":7}}],"line":51},"2":{"loc":{"start":{"line":53,"column":8},"end":{"line":58,"column":9}},"type":"if","locations":[{"start":{"line":53,"column":8},"end":{"line":58,"column":9}},{"start":{},"end":{}}],"line":53},"3":{"loc":{"start":{"line":84,"column":6},"end":{"line":89,"column":7}},"type":"if","locations":[{"start":{"line":84,"column":6},"end":{"line":89,"column":7}},{"start":{},"end":{}}],"line":84},"4":{"loc":{"start":{"line":84,"column":10},"end":{"line":84,"column":55}},"type":"binary-expr","locations":[{"start":{"line":84,"column":10},"end":{"line":84,"column":30}},{"start":{"line":84,"column":34},"end":{"line":84,"column":55}}],"line":84}},"s":{"0":1,"1":1,"2":1,"3":1,"4":1,"5":1,"6":1,"7":1,"8":1,"9":1,"10":4,"11":4,"12":4,"13":1,"14":3,"15":3,"16":3,"17":3,"18":3,"19":1,"20":2,"21":2,"22":0,"23":2,"24":2,"25":6,"26":0,"27":0,"28":0},"f":{"0":1,"1":1,"2":1,"3":1,"4":1,"5":4},"b":{"0":[1,3],"1":[3,0],"2":[1,2],"3":[0,0],"4":[0,0]},"_coverageSchema":"1a1c01bbd47fc00a2c39e90264f33305004495a9","hash":"2eddeaa40d1a6e3e4bb28580175c08b248fdfbb9"}
,"C:\\Users\\matth\\smp-bot\\src\\commands\\register.js": {"path":"C:\\Users\\matth\\smp-bot\\src\\commands\\register.js","statementMap":{"0":{"start":{"line":9,"column":32},"end":{"line":9,"column":53}},"1":{"start":{"line":10,"column":11},"end":{"line":10,"column":27}},"2":{"start":{"line":11,"column":15},"end":{"line":11,"column":48}},"3":{"start":{"line":12,"column":30},"end":{"line":12,"column":56}},"4":{"start":{"line":14,"column":0},"end":{"line":52,"column":2}},"5":{"start":{"line":19,"column":6},"end":{"line":21,"column":26}},"6":{"start":{"line":24,"column":4},"end":{"line":24,"column":54}},"7":{"start":{"line":26,"column":21},"end":{"line":26,"column":72}},"8":{"start":{"line":28,"column":4},"end":{"line":50,"column":5}},"9":{"start":{"line":29,"column":22},"end":{"line":29,"column":62}},"10":{"start":{"line":31,"column":6},"end":{"line":37,"column":7}},"11":{"start":{"line":32,"column":8},"end":{"line":36,"column":11}},"12":{"start":{"line":39,"column":6},"end":{"line":39,"column":77}},"13":{"start":{"line":41,"column":20},"end":{"line":41,"column":67}},"14":{"start":{"line":42,"column":6},"end":{"line":42,"column":55}},"15":{"start":{"line":44,"column":6},"end":{"line":44,"column":81}},"16":{"start":{"line":45,"column":6},"end":{"line":49,"column":9}}},"fnMap":{"0":{"name":"(anonymous_0)","decl":{"start":{"line":18,"column":21},"end":{"line":18,"column":22}},"loc":{"start":{"line":19,"column":6},"end":{"line":21,"column":26}},"line":19},"1":{"name":"(anonymous_1)","decl":{"start":{"line":23,"column":2},"end":{"line":23,"column":3}},"loc":{"start":{"line":23,"column":29},"end":{"line":51,"column":3}},"line":23}},"branchMap":{"0":{"loc":{"start":{"line":31,"column":6},"end":{"line":37,"column":7}},"type":"if","locations":[{"start":{"line":31,"column":6},"end":{"line":37,"column":7}},{"start":{},"end":{}}],"line":31}},"s":{"0":1,"1":1,"2":1,"3":1,"4":1,"5":1,"6":3,"7":3,"8":3,"9":3,"10":2,"11":1,"12":1,"13":1,"14":1,"15":1,"16":1},"f":{"0":1,"1":3},"b":{"0":[1,1]},"_coverageSchema":"1a1c01bbd47fc00a2c39e90264f33305004495a9","hash":"238505e7b37af82e61288bb18ed410b442f656d8"}
,"C:\\Users\\matth\\smp-bot\\src\\commands\\season.js": {"path":"C:\\Users\\matth\\smp-bot\\src\\commands\\season.js","statementMap":{"0":{"start":{"line":8,"column":32},"end":{"line":8,"column":53}},"1":{"start":{"line":9,"column":11},"end":{"line":9,"column":27}},"2":{"start":{"line":10,"column":25},"end":{"line":10,"column":56}},"3":{"start":{"line":11,"column":28},"end":{"line":11,"column":54}},"4":{"start":{"line":13,"column":16},"end":{"line":13,"column":37}},"5":{"start":{"line":14,"column":19},"end":{"line":14,"column":38}},"6":{"start":{"line":16,"column":0},"end":{"line":58,"column":2}},"7":{"start":{"line":21,"column":6},"end":{"line":23,"column":58}},"8":{"start":{"line":26,"column":6},"end":{"line":36,"column":78}},"9":{"start":{"line":30,"column":10},"end":{"line":30,"column":81}},"10":{"start":{"line":32,"column":10},"end":{"line":34,"column":30}},"11":{"start":{"line":36,"column":10},"end":{"line":36,"column":77}},"12":{"start":{"line":40,"column":23},"end":{"line":40,"column":58}},"13":{"start":{"line":42,"column":4},"end":{"line":56,"column":5}},"14":{"start":{"line":43,"column":6},"end":{"line":47,"column":7}},"15":{"start":{"line":44,"column":8},"end":{"line":44,"column":38}},"16":{"start":{"line":45,"column":13},"end":{"line":47,"column":7}},"17":{"start":{"line":46,"column":8},"end":{"line":46,"column":37}},"18":{"start":{"line":49,"column":6},"end":{"line":49,"column":94}},"19":{"start":{"line":50,"column":6},"end":{"line":55,"column":7}},"20":{"start":{"line":51,"column":8},"end":{"line":54,"column":11}},"21":{"start":{"line":63,"column":17},"end":{"line":63,"column":38}},"22":{"start":{"line":65,"column":2},"end":{"line":70,"column":3}},"23":{"start":{"line":66,"column":4},"end":{"line":69,"column":7}},"24":{"start":{"line":72,"column":20},"end":{"line":72,"column":47}},"25":{"start":{"line":73,"column":16},"end":{"line":73,"column":26}},"26":{"start":{"line":74,"column":22},"end":{"line":74,"column":66}},"27":{"start":{"line":76,"column":16},"end":{"line":76,"column":52}},"28":{"start":{"line":77,"column":2},"end":{"line":77,"column":47}},"29":{"start":{"line":81,"column":2},"end":{"line":81,"column":41}},"30":{"start":{"line":81,"column":34},"end":{"line":81,"column":41}},"31":{"start":{"line":83,"column":17},"end":{"line":83,"column":57}},"32":{"start":{"line":84,"column":20},"end":{"line":84,"column":63}},"33":{"start":{"line":85,"column":15},"end":{"line":85,"column":60}},"34":{"start":{"line":87,"column":2},"end":{"line":92,"column":3}},"35":{"start":{"line":88,"column":4},"end":{"line":91,"column":7}},"36":{"start":{"line":94,"column":2},"end":{"line":94,"column":58}},"37":{"start":{"line":96,"column":2},"end":{"line":99,"column":5}}},"fnMap":{"0":{"name":"(anonymous_0)","decl":{"start":{"line":20,"column":19},"end":{"line":20,"column":20}},"loc":{"start":{"line":21,"column":6},"end":{"line":23,"column":58}},"line":21},"1":{"name":"(anonymous_1)","decl":{"start":{"line":25,"column":19},"end":{"line":25,"column":20}},"loc":{"start":{"line":26,"column":6},"end":{"line":36,"column":78}},"line":26},"2":{"name":"(anonymous_2)","decl":{"start":{"line":29,"column":26},"end":{"line":29,"column":27}},"loc":{"start":{"line":30,"column":10},"end":{"line":30,"column":81}},"line":30},"3":{"name":"(anonymous_3)","decl":{"start":{"line":31,"column":25},"end":{"line":31,"column":26}},"loc":{"start":{"line":32,"column":10},"end":{"line":34,"column":30}},"line":32},"4":{"name":"(anonymous_4)","decl":{"start":{"line":35,"column":25},"end":{"line":35,"column":26}},"loc":{"start":{"line":36,"column":10},"end":{"line":36,"column":77}},"line":36},"5":{"name":"(anonymous_5)","decl":{"start":{"line":39,"column":2},"end":{"line":39,"column":3}},"loc":{"start":{"line":39,"column":29},"end":{"line":57,"column":3}},"line":39},"6":{"name":"handleInfo","decl":{"start":{"line":62,"column":15},"end":{"line":62,"column":25}},"loc":{"start":{"line":62,"column":39},"end":{"line":78,"column":1}},"line":62},"7":{"name":"handleSet","decl":{"start":{"line":80,"column":15},"end":{"line":80,"column":24}},"loc":{"start":{"line":80,"column":38},"end":{"line":100,"column":1}},"line":80}},"branchMap":{"0":{"loc":{"start":{"line":43,"column":6},"end":{"line":47,"column":7}},"type":"if","locations":[{"start":{"line":43,"column":6},"end":{"line":47,"column":7}},{"start":{"line":45,"column":13},"end":{"line":47,"column":7}}],"line":43},"1":{"loc":{"start":{"line":45,"column":13},"end":{"line":47,"column":7}},"type":"if","locations":[{"start":{"line":45,"column":13},"end":{"line":47,"column":7}},{"start":{},"end":{}}],"line":45},"2":{"loc":{"start":{"line":50,"column":6},"end":{"line":55,"column":7}},"type":"if","locations":[{"start":{"line":50,"column":6},"end":{"line":55,"column":7}},{"start":{},"end":{}}],"line":50},"3":{"loc":{"start":{"line":50,"column":10},"end":{"line":50,"column":55}},"type":"binary-expr","locations":[{"start":{"line":50,"column":10},"end":{"line":50,"column":30}},{"start":{"line":50,"column":34},"end":{"line":50,"column":55}}],"line":50},"4":{"loc":{"start":{"line":65,"column":2},"end":{"line":70,"column":3}},"type":"if","locations":[{"start":{"line":65,"column":2},"end":{"line":70,"column":3}},{"start":{},"end":{}}],"line":65},"5":{"loc":{"start":{"line":81,"column":2},"end":{"line":81,"column":41}},"type":"if","locations":[{"start":{"line":81,"column":2},"end":{"line":81,"column":41}},{"start":{},"end":{}}],"line":81},"6":{"loc":{"start":{"line":85,"column":15},"end":{"line":85,"column":60}},"type":"binary-expr","locations":[{"start":{"line":85,"column":15},"end":{"line":85,"column":52}},{"start":{"line":85,"column":56},"end":{"line":85,"column":60}}],"line":85},"7":{"loc":{"start":{"line":87,"column":2},"end":{"line":92,"column":3}},"type":"if","locations":[{"start":{"line":87,"column":2},"end":{"line":92,"column":3}},{"start":{},"end":{}}],"line":87},"8":{"loc":{"start":{"line":97,"column":64},"end":{"line":97,"column":97}},"type":"cond-expr","locations":[{"start":{"line":97,"column":71},"end":{"line":97,"column":92}},{"start":{"line":97,"column":95},"end":{"line":97,"column":97}}],"line":97}},"s":{"0":1,"1":1,"2":1,"3":1,"4":1,"5":1,"6":1,"7":1,"8":1,"9":1,"10":1,"11":1,"12":5,"13":5,"14":5,"15":2,"16":3,"17":3,"18":0,"19":0,"20":0,"21":2,"22":2,"23":1,"24":1,"25":1,"26":1,"27":1,"28":1,"29":3,"30":1,"31":2,"32":2,"33":2,"34":2,"35":1,"36":1,"37":1},"f":{"0":1,"1":1,"2":1,"3":1,"4":1,"5":5,"6":2,"7":3},"b":{"0":[2,3],"1":[3,0],"2":[0,0],"3":[0,0],"4":[1,1],"5":[1,2],"6":[2,1],"7":[1,1],"8":[1,0]},"_coverageSchema":"1a1c01bbd47fc00a2c39e90264f33305004495a9","hash":"0e86308a75c593f37b7e7a25230bbaa2f79ad08b"}
,"C:\\Users\\matth\\smp-bot\\src\\commands\\status.js": {"path":"C:\\Users\\matth\\smp-bot\\src\\commands\\status.js","statementMap":{"0":{"start":{"line":9,"column":46},"end":{"line":9,"column":67}},"1":{"start":{"line":10,"column":13},"end":{"line":10,"column":44}},"2":{"start":{"line":11,"column":24},"end":{"line":11,"column":60}},"3":{"start":{"line":12,"column":24},"end":{"line":12,"column":50}},"4":{"start":{"line":13,"column":19},"end":{"line":13,"column":39}},"5":{"start":{"line":15,"column":0},"end":{"line":76,"column":2}},"6":{"start":{"line":21,"column":4},"end":{"line":21,"column":35}},"7":{"start":{"line":23,"column":4},"end":{"line":74,"column":5}},"8":{"start":{"line":25,"column":23},"end":{"line":25,"column":52}},"9":{"start":{"line":26,"column":20},"end":{"line":31,"column":9}},"10":{"start":{"line":33,"column":6},"end":{"line":39,"column":7}},"11":{"start":{"line":34,"column":8},"end":{"line":38,"column":11}},"12":{"start":{"line":36,"column":45},"end":{"line":36,"column":55}},"13":{"start":{"line":42,"column":6},"end":{"line":57,"column":7}},"14":{"start":{"line":43,"column":21},"end":{"line":43,"column":56}},"15":{"start":{"line":44,"column":8},"end":{"line":54,"column":9}},"16":{"start":{"line":45,"column":10},"end":{"line":47,"column":11}},"17":{"start":{"line":46,"column":12},"end":{"line":46,"column":84}},"18":{"start":{"line":48,"column":10},"end":{"line":50,"column":11}},"19":{"start":{"line":49,"column":12},"end":{"line":49,"column":86}},"20":{"start":{"line":51,"column":10},"end":{"line":53,"column":11}},"21":{"start":{"line":52,"column":12},"end":{"line":52,"column":65}},"22":{"start":{"line":56,"column":8},"end":{"line":56,"column":77}},"23":{"start":{"line":59,"column":6},"end":{"line":59,"column":27}},"24":{"start":{"line":60,"column":6},"end":{"line":60,"column":55}},"25":{"start":{"line":63,"column":6},"end":{"line":63,"column":89}},"26":{"start":{"line":64,"column":6},"end":{"line":73,"column":7}},"27":{"start":{"line":65,"column":26},"end":{"line":65,"column":61}},"28":{"start":{"line":66,"column":22},"end":{"line":66,"column":44}},"29":{"start":{"line":67,"column":8},"end":{"line":67,"column":57}},"30":{"start":{"line":69,"column":8},"end":{"line":69,"column":90}},"31":{"start":{"line":70,"column":8},"end":{"line":72,"column":11}}},"fnMap":{"0":{"name":"(anonymous_0)","decl":{"start":{"line":20,"column":2},"end":{"line":20,"column":3}},"loc":{"start":{"line":20,"column":29},"end":{"line":75,"column":3}},"line":20},"1":{"name":"(anonymous_1)","decl":{"start":{"line":36,"column":38},"end":{"line":36,"column":39}},"loc":{"start":{"line":36,"column":45},"end":{"line":36,"column":55}},"line":36}},"branchMap":{"0":{"loc":{"start":{"line":33,"column":6},"end":{"line":39,"column":7}},"type":"if","locations":[{"start":{"line":33,"column":6},"end":{"line":39,"column":7}},{"start":{},"end":{}}],"line":33},"1":{"loc":{"start":{"line":33,"column":10},"end":{"line":33,"column":57}},"type":"binary-expr","locations":[{"start":{"line":33,"column":10},"end":{"line":33,"column":26}},{"start":{"line":33,"column":30},"end":{"line":33,"column":57}}],"line":33},"2":{"loc":{"start":{"line":44,"column":8},"end":{"line":54,"column":9}},"type":"if","locations":[{"start":{"line":44,"column":8},"end":{"line":54,"column":9}},{"start":{},"end":{}}],"line":44},"3":{"loc":{"start":{"line":44,"column":12},"end":{"line":44,"column":31}},"type":"binary-expr","locations":[{"start":{"line":44,"column":12},"end":{"line":44,"column":16}},{"start":{"line":44,"column":20},"end":{"line":44,"column":31}}],"line":44},"4":{"loc":{"start":{"line":45,"column":10},"end":{"line":47,"column":11}},"type":"if","locations":[{"start":{"line":45,"column":10},"end":{"line":47,"column":11}},{"start":{},"end":{}}],"line":45},"5":{"loc":{"start":{"line":48,"column":10},"end":{"line":50,"column":11}},"type":"if","locations":[{"start":{"line":48,"column":10},"end":{"line":50,"column":11}},{"start":{},"end":{}}],"line":48},"6":{"loc":{"start":{"line":51,"column":10},"end":{"line":53,"column":11}},"type":"if","locations":[{"start":{"line":51,"column":10},"end":{"line":53,"column":11}},{"start":{},"end":{}}],"line":51}},"s":{"0":1,"1":1,"2":1,"3":1,"4":1,"5":1,"6":4,"7":4,"8":4,"9":2,"10":2,"11":2,"12":4,"13":2,"14":2,"15":2,"16":2,"17":1,"18":2,"19":1,"20":2,"21":1,"22":0,"23":2,"24":2,"25":2,"26":2,"27":2,"28":1,"29":1,"30":1,"31":1},"f":{"0":4,"1":4},"b":{"0":[2,0],"1":[2,2],"2":[2,0],"3":[2,2],"4":[1,1],"5":[1,1],"6":[1,1]},"_coverageSchema":"1a1c01bbd47fc00a2c39e90264f33305004495a9","hash":"b953a4339b83ccff21347a982899ba8fcd981382"}
,"C:\\Users\\matth\\smp-bot\\src\\commands\\warn.js": {"path":"C:\\Users\\matth\\smp-bot\\src\\commands\\warn.js","statementMap":{"0":{"start":{"line":9,"column":32},"end":{"line":9,"column":53}},"1":{"start":{"line":10,"column":11},"end":{"line":10,"column":27}},"2":{"start":{"line":11,"column":25},"end":{"line":11,"column":56}},"3":{"start":{"line":12,"column":26},"end":{"line":12,"column":60}},"4":{"start":{"line":13,"column":47},"end":{"line":13,"column":73}},"5":{"start":{"line":15,"column":0},"end":{"line":86,"column":2}},"6":{"start":{"line":20,"column":6},"end":{"line":22,"column":26}},"7":{"start":{"line":24,"column":6},"end":{"line":26,"column":26}},"8":{"start":{"line":29,"column":4},"end":{"line":29,"column":43}},"9":{"start":{"line":29,"column":36},"end":{"line":29,"column":43}},"10":{"start":{"line":30,"column":4},"end":{"line":30,"column":54}},"11":{"start":{"line":32,"column":18},"end":{"line":32,"column":57}},"12":{"start":{"line":33,"column":19},"end":{"line":33,"column":58}},"13":{"start":{"line":35,"column":4},"end":{"line":84,"column":5}},"14":{"start":{"line":36,"column":21},"end":{"line":36,"column":47}},"15":{"start":{"line":37,"column":6},"end":{"line":41,"column":7}},"16":{"start":{"line":38,"column":8},"end":{"line":40,"column":11}},"17":{"start":{"line":44,"column":27},"end":{"line":44,"column":58}},"18":{"start":{"line":46,"column":6},"end":{"line":51,"column":9}},"19":{"start":{"line":53,"column":20},"end":{"line":58,"column":7}},"20":{"start":{"line":59,"column":6},"end":{"line":59,"column":55}},"21":{"start":{"line":62,"column":6},"end":{"line":76,"column":7}},"22":{"start":{"line":63,"column":8},"end":{"line":75,"column":9}},"23":{"start":{"line":64,"column":29},"end":{"line":64,"column":90}},"24":{"start":{"line":65,"column":10},"end":{"line":69,"column":11}},"25":{"start":{"line":66,"column":12},"end":{"line":68,"column":15}},"26":{"start":{"line":72,"column":10},"end":{"line":74,"column":12}},"27":{"start":{"line":78,"column":6},"end":{"line":80,"column":8}},"28":{"start":{"line":81,"column":6},"end":{"line":83,"column":9}}},"fnMap":{"0":{"name":"(anonymous_0)","decl":{"start":{"line":19,"column":21},"end":{"line":19,"column":22}},"loc":{"start":{"line":20,"column":6},"end":{"line":22,"column":26}},"line":20},"1":{"name":"(anonymous_1)","decl":{"start":{"line":23,"column":21},"end":{"line":23,"column":22}},"loc":{"start":{"line":24,"column":6},"end":{"line":26,"column":26}},"line":24},"2":{"name":"(anonymous_2)","decl":{"start":{"line":28,"column":2},"end":{"line":28,"column":3}},"loc":{"start":{"line":28,"column":29},"end":{"line":85,"column":3}},"line":28}},"branchMap":{"0":{"loc":{"start":{"line":29,"column":4},"end":{"line":29,"column":43}},"type":"if","locations":[{"start":{"line":29,"column":4},"end":{"line":29,"column":43}},{"start":{},"end":{}}],"line":29},"1":{"loc":{"start":{"line":37,"column":6},"end":{"line":41,"column":7}},"type":"if","locations":[{"start":{"line":37,"column":6},"end":{"line":41,"column":7}},{"start":{},"end":{}}],"line":37},"2":{"loc":{"start":{"line":48,"column":19},"end":{"line":48,"column":64}},"type":"cond-expr","locations":[{"start":{"line":48,"column":34},"end":{"line":48,"column":57}},{"start":{"line":48,"column":60},"end":{"line":48,"column":64}}],"line":48},"3":{"loc":{"start":{"line":62,"column":6},"end":{"line":76,"column":7}},"type":"if","locations":[{"start":{"line":62,"column":6},"end":{"line":76,"column":7}},{"start":{},"end":{}}],"line":62},"4":{"loc":{"start":{"line":65,"column":10},"end":{"line":69,"column":11}},"type":"if","locations":[{"start":{"line":65,"column":10},"end":{"line":69,"column":11}},{"start":{},"end":{}}],"line":65}},"s":{"0":1,"1":1,"2":1,"3":1,"4":1,"5":1,"6":1,"7":1,"8":5,"9":1,"10":4,"11":4,"12":4,"13":4,"14":4,"15":4,"16":1,"17":3,"18":2,"19":2,"20":2,"21":2,"22":1,"23":1,"24":1,"25":1,"26":0,"27":1,"28":1},"f":{"0":1,"1":1,"2":5},"b":{"0":[1,4],"1":[1,3],"2":[1,1],"3":[1,1],"4":[1,0]},"_coverageSchema":"1a1c01bbd47fc00a2c39e90264f33305004495a9","hash":"3683bd1b4174c78335710f0269d1b76ba59c977a"}
,"C:\\Users\\matth\\smp-bot\\src\\commands\\warnings.js": {"path":"C:\\Users\\matth\\smp-bot\\src\\commands\\warnings.js","statementMap":{"0":{"start":{"line":7,"column":32},"end":{"line":7,"column":53}},"1":{"start":{"line":8,"column":11},"end":{"line":8,"column":27}},"2":{"start":{"line":9,"column":25},"end":{"line":9,"column":56}},"3":{"start":{"line":10,"column":26},"end":{"line":10,"column":60}},"4":{"start":{"line":11,"column":31},"end":{"line":11,"column":57}},"5":{"start":{"line":13,"column":0},"end":{"line":55,"column":2}},"6":{"start":{"line":18,"column":6},"end":{"line":20,"column":26}},"7":{"start":{"line":23,"column":4},"end":{"line":23,"column":43}},"8":{"start":{"line":23,"column":36},"end":{"line":23,"column":43}},"9":{"start":{"line":24,"column":4},"end":{"line":24,"column":54}},"10":{"start":{"line":26,"column":18},"end":{"line":26,"column":57}},"11":{"start":{"line":28,"column":4},"end":{"line":53,"column":5}},"12":{"start":{"line":29,"column":21},"end":{"line":29,"column":47}},"13":{"start":{"line":30,"column":6},"end":{"line":34,"column":7}},"14":{"start":{"line":31,"column":8},"end":{"line":33,"column":11}},"15":{"start":{"line":36,"column":23},"end":{"line":36,"column":56}},"16":{"start":{"line":38,"column":6},"end":{"line":42,"column":7}},"17":{"start":{"line":39,"column":8},"end":{"line":41,"column":11}},"18":{"start":{"line":44,"column":20},"end":{"line":44,"column":65}},"19":{"start":{"line":45,"column":6},"end":{"line":45,"column":55}},"20":{"start":{"line":47,"column":6},"end":{"line":49,"column":8}},"21":{"start":{"line":50,"column":6},"end":{"line":52,"column":9}}},"fnMap":{"0":{"name":"(anonymous_0)","decl":{"start":{"line":17,"column":21},"end":{"line":17,"column":22}},"loc":{"start":{"line":18,"column":6},"end":{"line":20,"column":26}},"line":18},"1":{"name":"(anonymous_1)","decl":{"start":{"line":22,"column":2},"end":{"line":22,"column":3}},"loc":{"start":{"line":22,"column":29},"end":{"line":54,"column":3}},"line":22}},"branchMap":{"0":{"loc":{"start":{"line":23,"column":4},"end":{"line":23,"column":43}},"type":"if","locations":[{"start":{"line":23,"column":4},"end":{"line":23,"column":43}},{"start":{},"end":{}}],"line":23},"1":{"loc":{"start":{"line":30,"column":6},"end":{"line":34,"column":7}},"type":"if","locations":[{"start":{"line":30,"column":6},"end":{"line":34,"column":7}},{"start":{},"end":{}}],"line":30},"2":{"loc":{"start":{"line":38,"column":6},"end":{"line":42,"column":7}},"type":"if","locations":[{"start":{"line":38,"column":6},"end":{"line":42,"column":7}},{"start":{},"end":{}}],"line":38}},"s":{"0":1,"1":1,"2":1,"3":1,"4":1,"5":1,"6":1,"7":3,"8":1,"9":2,"10":2,"11":2,"12":2,"13":2,"14":0,"15":2,"16":2,"17":1,"18":1,"19":1,"20":0,"21":0},"f":{"0":1,"1":3},"b":{"0":[1,2],"1":[0,2],"2":[1,1]},"_coverageSchema":"1a1c01bbd47fc00a2c39e90264f33305004495a9","hash":"e3e100c6ab412561f21a905f3863a559f548e3a3"}
,"C:\\Users\\matth\\smp-bot\\src\\commands\\whitelist.js": {"path":"C:\\Users\\matth\\smp-bot\\src\\commands\\whitelist.js","statementMap":{"0":{"start":{"line":9,"column":32},"end":{"line":9,"column":53}},"1":{"start":{"line":10,"column":13},"end":{"line":10,"column":44}},"2":{"start":{"line":11,"column":25},"end":{"line":11,"column":56}},"3":{"start":{"line":13,"column":0},"end":{"line":63,"column":2}},"4":{"start":{"line":18,"column":6},"end":{"line":24,"column":31}},"5":{"start":{"line":22,"column":10},"end":{"line":24,"column":30}},"6":{"start":{"line":27,"column":6},"end":{"line":33,"column":31}},"7":{"start":{"line":31,"column":10},"end":{"line":33,"column":30}},"8":{"start":{"line":37,"column":4},"end":{"line":37,"column":43}},"9":{"start":{"line":37,"column":36},"end":{"line":37,"column":43}},"10":{"start":{"line":38,"column":4},"end":{"line":38,"column":54}},"11":{"start":{"line":40,"column":23},"end":{"line":40,"column":58}},"12":{"start":{"line":41,"column":21},"end":{"line":41,"column":62}},"13":{"start":{"line":43,"column":4},"end":{"line":61,"column":5}},"14":{"start":{"line":45,"column":6},"end":{"line":49,"column":7}},"15":{"start":{"line":46,"column":8},"end":{"line":46,"column":53}},"16":{"start":{"line":48,"column":8},"end":{"line":48,"column":56}},"17":{"start":{"line":51,"column":6},"end":{"line":53,"column":9}},"18":{"start":{"line":55,"column":6},"end":{"line":57,"column":8}},"19":{"start":{"line":58,"column":6},"end":{"line":60,"column":9}}},"fnMap":{"0":{"name":"(anonymous_0)","decl":{"start":{"line":17,"column":19},"end":{"line":17,"column":20}},"loc":{"start":{"line":18,"column":6},"end":{"line":24,"column":31}},"line":18},"1":{"name":"(anonymous_1)","decl":{"start":{"line":21,"column":25},"end":{"line":21,"column":26}},"loc":{"start":{"line":22,"column":10},"end":{"line":24,"column":30}},"line":22},"2":{"name":"(anonymous_2)","decl":{"start":{"line":26,"column":19},"end":{"line":26,"column":20}},"loc":{"start":{"line":27,"column":6},"end":{"line":33,"column":31}},"line":27},"3":{"name":"(anonymous_3)","decl":{"start":{"line":30,"column":25},"end":{"line":30,"column":26}},"loc":{"start":{"line":31,"column":10},"end":{"line":33,"column":30}},"line":31},"4":{"name":"(anonymous_4)","decl":{"start":{"line":36,"column":2},"end":{"line":36,"column":3}},"loc":{"start":{"line":36,"column":29},"end":{"line":62,"column":3}},"line":36}},"branchMap":{"0":{"loc":{"start":{"line":37,"column":4},"end":{"line":37,"column":43}},"type":"if","locations":[{"start":{"line":37,"column":4},"end":{"line":37,"column":43}},{"start":{},"end":{}}],"line":37},"1":{"loc":{"start":{"line":45,"column":6},"end":{"line":49,"column":7}},"type":"if","locations":[{"start":{"line":45,"column":6},"end":{"line":49,"column":7}},{"start":{"line":47,"column":13},"end":{"line":49,"column":7}}],"line":45},"2":{"loc":{"start":{"line":52,"column":43},"end":{"line":52,"column":93}},"type":"cond-expr","locations":[{"start":{"line":52,"column":66},"end":{"line":52,"column":76}},{"start":{"line":52,"column":79},"end":{"line":52,"column":93}}],"line":52}},"s":{"0":1,"1":1,"2":1,"3":1,"4":1,"5":1,"6":1,"7":1,"8":5,"9":1,"10":4,"11":4,"12":4,"13":4,"14":4,"15":2,"16":2,"17":2,"18":2,"19":2},"f":{"0":1,"1":1,"2":1,"3":1,"4":5},"b":{"0":[1,4],"1":[2,2],"2":[1,1]},"_coverageSchema":"1a1c01bbd47fc00a2c39e90264f33305004495a9","hash":"8ec45f27c4d6ef6864f4abb56f70f6ede94d9e98"}
,"C:\\Users\\matth\\smp-bot\\src\\commands\\whois.js": {"path":"C:\\Users\\matth\\smp-bot\\src\\commands\\whois.js","statementMap":{"0":{"start":{"line":7,"column":32},"end":{"line":7,"column":53}},"1":{"start":{"line":8,"column":11},"end":{"line":8,"column":27}},"2":{"start":{"line":9,"column":23},"end":{"line":9,"column":49}},"3":{"start":{"line":11,"column":0},"end":{"line":45,"column":2}},"4":{"start":{"line":16,"column":6},"end":{"line":18,"column":26}},"5":{"start":{"line":21,"column":19},"end":{"line":21,"column":54}},"6":{"start":{"line":23,"column":4},"end":{"line":43,"column":5}},"7":{"start":{"line":24,"column":27},"end":{"line":24,"column":59}},"8":{"start":{"line":26,"column":6},"end":{"line":33,"column":7}},"9":{"start":{"line":27,"column":8},"end":{"line":32,"column":11}},"10":{"start":{"line":35,"column":20},"end":{"line":35,"column":44}},"11":{"start":{"line":36,"column":6},"end":{"line":36,"column":51}},"12":{"start":{"line":38,"column":6},"end":{"line":38,"column":76}},"13":{"start":{"line":39,"column":6},"end":{"line":42,"column":9}}},"fnMap":{"0":{"name":"(anonymous_0)","decl":{"start":{"line":15,"column":19},"end":{"line":15,"column":20}},"loc":{"start":{"line":16,"column":6},"end":{"line":18,"column":26}},"line":16},"1":{"name":"(anonymous_1)","decl":{"start":{"line":20,"column":2},"end":{"line":20,"column":3}},"loc":{"start":{"line":20,"column":29},"end":{"line":44,"column":3}},"line":20}},"branchMap":{"0":{"loc":{"start":{"line":26,"column":6},"end":{"line":33,"column":7}},"type":"if","locations":[{"start":{"line":26,"column":6},"end":{"line":33,"column":7}},{"start":{},"end":{}}],"line":26}},"s":{"0":1,"1":1,"2":1,"3":1,"4":1,"5":3,"6":3,"7":3,"8":2,"9":1,"10":1,"11":1,"12":1,"13":1},"f":{"0":1,"1":3},"b":{"0":[1,1]},"_coverageSchema":"1a1c01bbd47fc00a2c39e90264f33305004495a9","hash":"52b488907ef7aecba62c88be5e10d8ee45f77a31"}
,"C:\\Users\\matth\\smp-bot\\src\\db\\index.js": {"path":"C:\\Users\\matth\\smp-bot\\src\\db\\index.js","statementMap":{"0":{"start":{"line":11,"column":17},"end":{"line":11,"column":42}},"1":{"start":{"line":12,"column":13},"end":{"line":12,"column":28}},"2":{"start":{"line":14,"column":16},"end":{"line":14,"column":62}},"3":{"start":{"line":19,"column":2},"end":{"line":24,"column":3}},"4":{"start":{"line":20,"column":4},"end":{"line":20,"column":31}},"5":{"start":{"line":21,"column":4},"end":{"line":21,"column":36}},"6":{"start":{"line":22,"column":4},"end":{"line":22,"column":35}},"7":{"start":{"line":23,"column":4},"end":{"line":23,"column":17}},"8":{"start":{"line":25,"column":2},"end":{"line":25,"column":12}},"9":{"start":{"line":29,"column":2},"end":{"line":85,"column":5}},"10":{"start":{"line":91,"column":15},"end":{"line":94,"column":4}},"11":{"start":{"line":95,"column":17},"end":{"line":95,"column":90}},"12":{"start":{"line":96,"column":2},"end":{"line":96,"column":32}},"13":{"start":{"line":100,"column":2},"end":{"line":104,"column":11}},"14":{"start":{"line":108,"column":2},"end":{"line":108,"column":70}},"15":{"start":{"line":112,"column":2},"end":{"line":112,"column":81}},"16":{"start":{"line":116,"column":2},"end":{"line":118,"column":29}},"17":{"start":{"line":122,"column":14},"end":{"line":124,"column":17}},"18":{"start":{"line":125,"column":2},"end":{"line":125,"column":19}},"19":{"start":{"line":131,"column":2},"end":{"line":135,"column":54}},"20":{"start":{"line":139,"column":2},"end":{"line":139,"column":94}},"21":{"start":{"line":143,"column":2},"end":{"line":143,"column":101}},"22":{"start":{"line":147,"column":2},"end":{"line":147,"column":93}},"23":{"start":{"line":153,"column":2},"end":{"line":155,"column":50}},"24":{"start":{"line":159,"column":2},"end":{"line":161,"column":21}},"25":{"start":{"line":167,"column":2},"end":{"line":171,"column":59}},"26":{"start":{"line":175,"column":2},"end":{"line":175,"column":71}},"27":{"start":{"line":179,"column":2},"end":{"line":179,"column":72}},"28":{"start":{"line":183,"column":2},"end":{"line":183,"column":70}},"29":{"start":{"line":189,"column":2},"end":{"line":191,"column":11}},"30":{"start":{"line":195,"column":2},"end":{"line":197,"column":23}},"31":{"start":{"line":198,"column":2},"end":{"line":200,"column":40}},"32":{"start":{"line":203,"column":0},"end":{"line":223,"column":2}}},"fnMap":{"0":{"name":"getDb","decl":{"start":{"line":18,"column":9},"end":{"line":18,"column":14}},"loc":{"start":{"line":18,"column":17},"end":{"line":26,"column":1}},"line":18},"1":{"name":"initSchema","decl":{"start":{"line":28,"column":9},"end":{"line":28,"column":19}},"loc":{"start":{"line":28,"column":22},"end":{"line":86,"column":1}},"line":28},"2":{"name":"createEvent","decl":{"start":{"line":90,"column":9},"end":{"line":90,"column":20}},"loc":{"start":{"line":90,"column":90},"end":{"line":97,"column":1}},"line":90},"3":{"name":"getUpcomingEvents","decl":{"start":{"line":99,"column":9},"end":{"line":99,"column":26}},"loc":{"start":{"line":99,"column":29},"end":{"line":105,"column":1}},"line":99},"4":{"name":"getEventById","decl":{"start":{"line":107,"column":9},"end":{"line":107,"column":21}},"loc":{"start":{"line":107,"column":26},"end":{"line":109,"column":1}},"line":107},"5":{"name":"cancelEvent","decl":{"start":{"line":111,"column":9},"end":{"line":111,"column":20}},"loc":{"start":{"line":111,"column":25},"end":{"line":113,"column":1}},"line":111},"6":{"name":"addRsvp","decl":{"start":{"line":115,"column":9},"end":{"line":115,"column":16}},"loc":{"start":{"line":115,"column":37},"end":{"line":119,"column":1}},"line":115},"7":{"name":"getRsvpCount","decl":{"start":{"line":121,"column":9},"end":{"line":121,"column":21}},"loc":{"start":{"line":121,"column":31},"end":{"line":126,"column":1}},"line":121},"8":{"name":"registerPlayer","decl":{"start":{"line":130,"column":9},"end":{"line":130,"column":23}},"loc":{"start":{"line":130,"column":69},"end":{"line":136,"column":1}},"line":130},"9":{"name":"getPlayerByDiscord","decl":{"start":{"line":138,"column":9},"end":{"line":138,"column":27}},"loc":{"start":{"line":138,"column":39},"end":{"line":140,"column":1}},"line":138},"10":{"name":"getPlayerByUsername","decl":{"start":{"line":142,"column":9},"end":{"line":142,"column":28}},"loc":{"start":{"line":142,"column":39},"end":{"line":144,"column":1}},"line":142},"11":{"name":"getPlayerByUuid","decl":{"start":{"line":146,"column":9},"end":{"line":146,"column":24}},"loc":{"start":{"line":146,"column":31},"end":{"line":148,"column":1}},"line":146},"12":{"name":"addWarning","decl":{"start":{"line":152,"column":9},"end":{"line":152,"column":19}},"loc":{"start":{"line":152,"column":65},"end":{"line":156,"column":1}},"line":152},"13":{"name":"getWarningsByUuid","decl":{"start":{"line":158,"column":9},"end":{"line":158,"column":26}},"loc":{"start":{"line":158,"column":39},"end":{"line":162,"column":1}},"line":158},"14":{"name":"addPoi","decl":{"start":{"line":166,"column":9},"end":{"line":166,"column":15}},"loc":{"start":{"line":166,"column":70},"end":{"line":172,"column":1}},"line":166},"15":{"name":"getAllPois","decl":{"start":{"line":174,"column":9},"end":{"line":174,"column":19}},"loc":{"start":{"line":174,"column":22},"end":{"line":176,"column":1}},"line":174},"16":{"name":"getPoiByName","decl":{"start":{"line":178,"column":9},"end":{"line":178,"column":21}},"loc":{"start":{"line":178,"column":28},"end":{"line":180,"column":1}},"line":178},"17":{"name":"removePoi","decl":{"start":{"line":182,"column":9},"end":{"line":182,"column":18}},"loc":{"start":{"line":182,"column":25},"end":{"line":184,"column":1}},"line":182},"18":{"name":"getCurrentSeason","decl":{"start":{"line":188,"column":9},"end":{"line":188,"column":25}},"loc":{"start":{"line":188,"column":28},"end":{"line":192,"column":1}},"line":188},"19":{"name":"setSeason","decl":{"start":{"line":194,"column":9},"end":{"line":194,"column":18}},"loc":{"start":{"line":194,"column":54},"end":{"line":201,"column":1}},"line":194}},"branchMap":{"0":{"loc":{"start":{"line":19,"column":2},"end":{"line":24,"column":3}},"type":"if","locations":[{"start":{"line":19,"column":2},"end":{"line":24,"column":3}},{"start":{},"end":{}}],"line":19}},"s":{"0":30,"1":30,"2":30,"3":28,"4":26,"5":26,"6":26,"7":26,"8":28,"9":26,"10":1,"11":1,"12":1,"13":2,"14":2,"15":1,"16":1,"17":1,"18":1,"19":1,"20":2,"21":1,"22":1,"23":1,"24":2,"25":1,"26":2,"27":2,"28":1,"29":2,"30":2,"31":2,"32":30},"f":{"0":28,"1":26,"2":1,"3":2,"4":2,"5":1,"6":1,"7":1,"8":1,"9":2,"10":1,"11":1,"12":1,"13":2,"14":1,"15":2,"16":2,"17":1,"18":2,"19":2},"b":{"0":[26,2]},"_coverageSchema":"1a1c01bbd47fc00a2c39e90264f33305004495a9","hash":"07f9e1a1fb987e50e981796bb46cd0997b62825e"}
,"C:\\Users\\matth\\smp-bot\\src\\integrations\\advancedbans.js": {"path":"C:\\Users\\matth\\smp-bot\\src\\integrations\\advancedbans.js","statementMap":{"0":{"start":{"line":13,"column":14},"end":{"line":13,"column":39}},"1":{"start":{"line":14,"column":19},"end":{"line":14,"column":39}},"2":{"start":{"line":16,"column":11},"end":{"line":16,"column":15}},"3":{"start":{"line":19,"column":2},"end":{"line":32,"column":3}},"4":{"start":{"line":20,"column":4},"end":{"line":31,"column":7}},"5":{"start":{"line":33,"column":2},"end":{"line":33,"column":14}},"6":{"start":{"line":40,"column":15},"end":{"line":40,"column":24}},"7":{"start":{"line":41,"column":17},"end":{"line":44,"column":3}},"8":{"start":{"line":45,"column":2},"end":{"line":45,"column":14}},"9":{"start":{"line":52,"column":15},"end":{"line":52,"column":24}},"10":{"start":{"line":53,"column":17},"end":{"line":56,"column":3}},"11":{"start":{"line":57,"column":2},"end":{"line":57,"column":14}},"12":{"start":{"line":64,"column":15},"end":{"line":64,"column":24}},"13":{"start":{"line":65,"column":17},"end":{"line":68,"column":3}},"14":{"start":{"line":69,"column":2},"end":{"line":69,"column":14}},"15":{"start":{"line":76,"column":15},"end":{"line":76,"column":24}},"16":{"start":{"line":77,"column":17},"end":{"line":80,"column":3}},"17":{"start":{"line":81,"column":2},"end":{"line":81,"column":14}},"18":{"start":{"line":88,"column":15},"end":{"line":88,"column":24}},"19":{"start":{"line":89,"column":17},"end":{"line":91,"column":3}},"20":{"start":{"line":92,"column":2},"end":{"line":92,"column":14}},"21":{"start":{"line":99,"column":15},"end":{"line":99,"column":24}},"22":{"start":{"line":100,"column":17},"end":{"line":103,"column":3}},"23":{"start":{"line":104,"column":2},"end":{"line":104,"column":47}},"24":{"start":{"line":111,"column":15},"end":{"line":111,"column":24}},"25":{"start":{"line":112,"column":17},"end":{"line":115,"column":3}},"26":{"start":{"line":116,"column":2},"end":{"line":116,"column":47}},"27":{"start":{"line":119,"column":0},"end":{"line":127,"column":2}}},"fnMap":{"0":{"name":"getPool","decl":{"start":{"line":18,"column":9},"end":{"line":18,"column":16}},"loc":{"start":{"line":18,"column":19},"end":{"line":34,"column":1}},"line":18},"1":{"name":"getActivePunishments","decl":{"start":{"line":39,"column":15},"end":{"line":39,"column":35}},"loc":{"start":{"line":39,"column":42},"end":{"line":46,"column":1}},"line":39},"2":{"name":"getPunishmentHistory","decl":{"start":{"line":51,"column":15},"end":{"line":51,"column":35}},"loc":{"start":{"line":51,"column":42},"end":{"line":58,"column":1}},"line":51},"3":{"name":"getActiveBans","decl":{"start":{"line":63,"column":15},"end":{"line":63,"column":28}},"loc":{"start":{"line":63,"column":35},"end":{"line":70,"column":1}},"line":63},"4":{"name":"getActiveMutes","decl":{"start":{"line":75,"column":15},"end":{"line":75,"column":29}},"loc":{"start":{"line":75,"column":36},"end":{"line":82,"column":1}},"line":75},"5":{"name":"getAllActivePunishments","decl":{"start":{"line":87,"column":15},"end":{"line":87,"column":38}},"loc":{"start":{"line":87,"column":41},"end":{"line":93,"column":1}},"line":87},"6":{"name":"getUuidByUsername","decl":{"start":{"line":98,"column":15},"end":{"line":98,"column":32}},"loc":{"start":{"line":98,"column":43},"end":{"line":105,"column":1}},"line":98},"7":{"name":"getUsernameByUuid","decl":{"start":{"line":110,"column":15},"end":{"line":110,"column":32}},"loc":{"start":{"line":110,"column":39},"end":{"line":117,"column":1}},"line":110}},"branchMap":{"0":{"loc":{"start":{"line":19,"column":2},"end":{"line":32,"column":3}},"type":"if","locations":[{"start":{"line":19,"column":2},"end":{"line":32,"column":3}},{"start":{},"end":{}}],"line":19},"1":{"loc":{"start":{"line":104,"column":9},"end":{"line":104,"column":46}},"type":"cond-expr","locations":[{"start":{"line":104,"column":27},"end":{"line":104,"column":39}},{"start":{"line":104,"column":42},"end":{"line":104,"column":46}}],"line":104},"2":{"loc":{"start":{"line":116,"column":9},"end":{"line":116,"column":46}},"type":"cond-expr","locations":[{"start":{"line":116,"column":27},"end":{"line":116,"column":39}},{"start":{"line":116,"column":42},"end":{"line":116,"column":46}}],"line":116}},"s":{"0":14,"1":14,"2":14,"3":13,"4":13,"5":13,"6":2,"7":2,"8":2,"9":2,"10":2,"11":2,"12":2,"13":2,"14":2,"15":1,"16":1,"17":1,"18":2,"19":2,"20":2,"21":2,"22":2,"23":2,"24":2,"25":2,"26":2,"27":14},"f":{"0":13,"1":2,"2":2,"3":2,"4":1,"5":2,"6":2,"7":2},"b":{"0":[13,0],"1":[1,1],"2":[1,1]},"_coverageSchema":"1a1c01bbd47fc00a2c39e90264f33305004495a9","hash":"6a4264c9ebd5d0f0a4534c66b0e359d6a532a0d3"}
,"C:\\Users\\matth\\smp-bot\\src\\integrations\\mcsrvstat.js": {"path":"C:\\Users\\matth\\smp-bot\\src\\integrations\\mcsrvstat.js","statementMap":{"0":{"start":{"line":9,"column":14},"end":{"line":9,"column":30}},"1":{"start":{"line":11,"column":17},"end":{"line":11,"column":45}},"2":{"start":{"line":21,"column":2},"end":{"line":64,"column":5}},"3":{"start":{"line":22,"column":16},"end":{"line":24,"column":41}},"4":{"start":{"line":26,"column":4},"end":{"line":63,"column":7}},"5":{"start":{"line":27,"column":17},"end":{"line":27,"column":19}},"6":{"start":{"line":28,"column":6},"end":{"line":28,"column":52}},"7":{"start":{"line":28,"column":34},"end":{"line":28,"column":48}},"8":{"start":{"line":29,"column":6},"end":{"line":60,"column":9}},"9":{"start":{"line":30,"column":8},"end":{"line":59,"column":9}},"10":{"start":{"line":31,"column":25},"end":{"line":31,"column":41}},"11":{"start":{"line":32,"column":10},"end":{"line":35,"column":11}},"12":{"start":{"line":33,"column":12},"end":{"line":33,"column":66}},"13":{"start":{"line":34,"column":12},"end":{"line":34,"column":19}},"14":{"start":{"line":36,"column":10},"end":{"line":56,"column":13}},"15":{"start":{"line":58,"column":10},"end":{"line":58,"column":85}},"16":{"start":{"line":62,"column":6},"end":{"line":62,"column":71}},"17":{"start":{"line":67,"column":0},"end":{"line":67,"column":33}}},"fnMap":{"0":{"name":"fetchStatus","decl":{"start":{"line":20,"column":9},"end":{"line":20,"column":20}},"loc":{"start":{"line":20,"column":45},"end":{"line":65,"column":1}},"line":20},"1":{"name":"(anonymous_1)","decl":{"start":{"line":21,"column":21},"end":{"line":21,"column":22}},"loc":{"start":{"line":21,"column":42},"end":{"line":64,"column":3}},"line":21},"2":{"name":"(anonymous_2)","decl":{"start":{"line":26,"column":19},"end":{"line":26,"column":20}},"loc":{"start":{"line":26,"column":28},"end":{"line":61,"column":5}},"line":26},"3":{"name":"(anonymous_3)","decl":{"start":{"line":28,"column":21},"end":{"line":28,"column":22}},"loc":{"start":{"line":28,"column":32},"end":{"line":28,"column":50}},"line":28},"4":{"name":"(anonymous_4)","decl":{"start":{"line":29,"column":20},"end":{"line":29,"column":21}},"loc":{"start":{"line":29,"column":26},"end":{"line":60,"column":7}},"line":29},"5":{"name":"(anonymous_5)","decl":{"start":{"line":61,"column":19},"end":{"line":61,"column":20}},"loc":{"start":{"line":61,"column":28},"end":{"line":63,"column":5}},"line":61}},"branchMap":{"0":{"loc":{"start":{"line":20,"column":31},"end":{"line":20,"column":43}},"type":"default-arg","locations":[{"start":{"line":20,"column":38},"end":{"line":20,"column":43}}],"line":20},"1":{"loc":{"start":{"line":22,"column":16},"end":{"line":24,"column":41}},"type":"cond-expr","locations":[{"start":{"line":23,"column":8},"end":{"line":23,"column":33}},{"start":{"line":24,"column":8},"end":{"line":24,"column":41}}],"line":22},"2":{"loc":{"start":{"line":32,"column":10},"end":{"line":35,"column":11}},"type":"if","locations":[{"start":{"line":32,"column":10},"end":{"line":35,"column":11}},{"start":{},"end":{}}],"line":32},"3":{"loc":{"start":{"line":32,"column":14},"end":{"line":32,"column":35}},"type":"binary-expr","locations":[{"start":{"line":32,"column":14},"end":{"line":32,"column":21}},{"start":{"line":32,"column":25},"end":{"line":32,"column":35}}],"line":32},"4":{"loc":{"start":{"line":37,"column":20},"end":{"line":37,"column":42}},"type":"binary-expr","locations":[{"start":{"line":37,"column":20},"end":{"line":37,"column":33}},{"start":{"line":37,"column":37},"end":{"line":37,"column":42}}],"line":37},"5":{"loc":{"start":{"line":41,"column":21},"end":{"line":47,"column":47}},"type":"cond-expr","locations":[{"start":{"line":42,"column":16},"end":{"line":46,"column":15}},{"start":{"line":47,"column":16},"end":{"line":47,"column":47}}],"line":41},"6":{"loc":{"start":{"line":43,"column":24},"end":{"line":43,"column":50}},"type":"binary-expr","locations":[{"start":{"line":43,"column":24},"end":{"line":43,"column":45}},{"start":{"line":43,"column":49},"end":{"line":43,"column":50}}],"line":43},"7":{"loc":{"start":{"line":44,"column":21},"end":{"line":44,"column":44}},"type":"binary-expr","locations":[{"start":{"line":44,"column":21},"end":{"line":44,"column":39}},{"start":{"line":44,"column":43},"end":{"line":44,"column":44}}],"line":44},"8":{"loc":{"start":{"line":45,"column":22},"end":{"line":45,"column":47}},"type":"binary-expr","locations":[{"start":{"line":45,"column":22},"end":{"line":45,"column":41}},{"start":{"line":45,"column":45},"end":{"line":45,"column":47}}],"line":45},"9":{"loc":{"start":{"line":50,"column":18},"end":{"line":52,"column":18}},"type":"cond-expr","locations":[{"start":{"line":51,"column":16},"end":{"line":51,"column":52}},{"start":{"line":52,"column":16},"end":{"line":52,"column":18}}],"line":50},"10":{"loc":{"start":{"line":51,"column":17},"end":{"line":51,"column":40}},"type":"binary-expr","locations":[{"start":{"line":51,"column":17},"end":{"line":51,"column":34}},{"start":{"line":51,"column":38},"end":{"line":51,"column":40}}],"line":51}},"s":{"0":2,"1":2,"2":7,"3":7,"4":7,"5":6,"6":6,"7":6,"8":6,"9":6,"10":6,"11":5,"12":1,"13":1,"14":4,"15":1,"16":1,"17":2},"f":{"0":7,"1":7,"2":6,"3":6,"4":6,"5":1},"b":{"0":[6],"1":[6,1],"2":[1,4],"3":[5,5],"4":[4,1],"5":[1,3],"6":[1,0],"7":[1,0],"8":[1,0],"9":[1,3],"10":[1,0]},"_coverageSchema":"1a1c01bbd47fc00a2c39e90264f33305004495a9","hash":"5fc97790a0802d5814d17c5b6e2709823c55f2b1"}
,"C:\\Users\\matth\\smp-bot\\src\\integrations\\mojang.js": {"path":"C:\\Users\\matth\\smp-bot\\src\\integrations\\mojang.js","statementMap":{"0":{"start":{"line":13,"column":14},"end":{"line":13,"column":30}},"1":{"start":{"line":15,"column":19},"end":{"line":15,"column":43}},"2":{"start":{"line":16,"column":23},"end":{"line":16,"column":57}},"3":{"start":{"line":25,"column":2},"end":{"line":52,"column":5}},"4":{"start":{"line":26,"column":16},"end":{"line":26,"column":88}},"5":{"start":{"line":28,"column":4},"end":{"line":51,"column":7}},"6":{"start":{"line":29,"column":17},"end":{"line":29,"column":19}},"7":{"start":{"line":30,"column":6},"end":{"line":30,"column":52}},"8":{"start":{"line":30,"column":34},"end":{"line":30,"column":48}},"9":{"start":{"line":31,"column":6},"end":{"line":48,"column":9}},"10":{"start":{"line":32,"column":8},"end":{"line":35,"column":9}},"11":{"start":{"line":33,"column":10},"end":{"line":33,"column":24}},"12":{"start":{"line":34,"column":10},"end":{"line":34,"column":17}},"13":{"start":{"line":36,"column":8},"end":{"line":41,"column":9}},"14":{"start":{"line":37,"column":10},"end":{"line":39,"column":12}},"15":{"start":{"line":40,"column":10},"end":{"line":40,"column":17}},"16":{"start":{"line":42,"column":8},"end":{"line":47,"column":9}},"17":{"start":{"line":43,"column":25},"end":{"line":43,"column":41}},"18":{"start":{"line":44,"column":10},"end":{"line":44,"column":62}},"19":{"start":{"line":46,"column":10},"end":{"line":46,"column":79}},"20":{"start":{"line":50,"column":6},"end":{"line":50,"column":69}},"21":{"start":{"line":62,"column":2},"end":{"line":85,"column":5}},"22":{"start":{"line":63,"column":22},"end":{"line":63,"column":44}},"23":{"start":{"line":64,"column":16},"end":{"line":64,"column":64}},"24":{"start":{"line":66,"column":4},"end":{"line":84,"column":7}},"25":{"start":{"line":67,"column":17},"end":{"line":67,"column":19}},"26":{"start":{"line":68,"column":6},"end":{"line":68,"column":52}},"27":{"start":{"line":68,"column":34},"end":{"line":68,"column":48}},"28":{"start":{"line":69,"column":6},"end":{"line":81,"column":9}},"29":{"start":{"line":70,"column":8},"end":{"line":75,"column":9}},"30":{"start":{"line":71,"column":10},"end":{"line":73,"column":12}},"31":{"start":{"line":74,"column":10},"end":{"line":74,"column":17}},"32":{"start":{"line":76,"column":8},"end":{"line":80,"column":9}},"33":{"start":{"line":77,"column":10},"end":{"line":77,"column":36}},"34":{"start":{"line":79,"column":10},"end":{"line":79,"column":76}},"35":{"start":{"line":83,"column":6},"end":{"line":83,"column":71}},"36":{"start":{"line":95,"column":2},"end":{"line":109,"column":5}},"37":{"start":{"line":96,"column":22},"end":{"line":96,"column":44}},"38":{"start":{"line":97,"column":16},"end":{"line":97,"column":85}},"39":{"start":{"line":99,"column":4},"end":{"line":108,"column":7}},"40":{"start":{"line":102,"column":6},"end":{"line":102,"column":19}},"41":{"start":{"line":103,"column":6},"end":{"line":105,"column":9}},"42":{"start":{"line":104,"column":8},"end":{"line":104,"column":40}},"43":{"start":{"line":107,"column":6},"end":{"line":107,"column":73}},"44":{"start":{"line":112,"column":0},"end":{"line":112,"column":68}}},"fnMap":{"0":{"name":"getUuidByUsername","decl":{"start":{"line":24,"column":9},"end":{"line":24,"column":26}},"loc":{"start":{"line":24,"column":37},"end":{"line":53,"column":1}},"line":24},"1":{"name":"(anonymous_1)","decl":{"start":{"line":25,"column":21},"end":{"line":25,"column":22}},"loc":{"start":{"line":25,"column":42},"end":{"line":52,"column":3}},"line":25},"2":{"name":"(anonymous_2)","decl":{"start":{"line":28,"column":19},"end":{"line":28,"column":20}},"loc":{"start":{"line":28,"column":28},"end":{"line":49,"column":5}},"line":28},"3":{"name":"(anonymous_3)","decl":{"start":{"line":30,"column":21},"end":{"line":30,"column":22}},"loc":{"start":{"line":30,"column":32},"end":{"line":30,"column":50}},"line":30},"4":{"name":"(anonymous_4)","decl":{"start":{"line":31,"column":20},"end":{"line":31,"column":21}},"loc":{"start":{"line":31,"column":26},"end":{"line":48,"column":7}},"line":31},"5":{"name":"(anonymous_5)","decl":{"start":{"line":49,"column":19},"end":{"line":49,"column":20}},"loc":{"start":{"line":49,"column":28},"end":{"line":51,"column":5}},"line":49},"6":{"name":"getNameHistory","decl":{"start":{"line":61,"column":9},"end":{"line":61,"column":23}},"loc":{"start":{"line":61,"column":30},"end":{"line":86,"column":1}},"line":61},"7":{"name":"(anonymous_7)","decl":{"start":{"line":62,"column":21},"end":{"line":62,"column":22}},"loc":{"start":{"line":62,"column":42},"end":{"line":85,"column":3}},"line":62},"8":{"name":"(anonymous_8)","decl":{"start":{"line":66,"column":19},"end":{"line":66,"column":20}},"loc":{"start":{"line":66,"column":28},"end":{"line":82,"column":5}},"line":66},"9":{"name":"(anonymous_9)","decl":{"start":{"line":68,"column":21},"end":{"line":68,"column":22}},"loc":{"start":{"line":68,"column":32},"end":{"line":68,"column":50}},"line":68},"10":{"name":"(anonymous_10)","decl":{"start":{"line":69,"column":20},"end":{"line":69,"column":21}},"loc":{"start":{"line":69,"column":26},"end":{"line":81,"column":7}},"line":69},"11":{"name":"(anonymous_11)","decl":{"start":{"line":82,"column":19},"end":{"line":82,"column":20}},"loc":{"start":{"line":82,"column":28},"end":{"line":84,"column":5}},"line":82},"12":{"name":"hasPaidGame","decl":{"start":{"line":94,"column":9},"end":{"line":94,"column":20}},"loc":{"start":{"line":94,"column":27},"end":{"line":110,"column":1}},"line":94},"13":{"name":"(anonymous_13)","decl":{"start":{"line":95,"column":21},"end":{"line":95,"column":22}},"loc":{"start":{"line":95,"column":42},"end":{"line":109,"column":3}},"line":95},"14":{"name":"(anonymous_14)","decl":{"start":{"line":99,"column":19},"end":{"line":99,"column":20}},"loc":{"start":{"line":99,"column":28},"end":{"line":106,"column":5}},"line":99},"15":{"name":"(anonymous_15)","decl":{"start":{"line":103,"column":20},"end":{"line":103,"column":21}},"loc":{"start":{"line":103,"column":26},"end":{"line":105,"column":7}},"line":103},"16":{"name"
[...]
s":[{"start":{"line":232,"column":2},"end":{"line":234,"column":3}},{"start":{},"end":{}}],"line":232},"24":{"loc":{"start":{"line":250,"column":21},"end":{"line":252,"column":19}},"type":"cond-expr","locations":[{"start":{"line":251,"column":8},"end":{"line":251,"column":54}},{"start":{"line":252,"column":8},"end":{"line":252,"column":19}}],"line":250},"25":{"loc":{"start":{"line":255,"column":24},"end":{"line":255,"column":56}},"type":"binary-expr","locations":[{"start":{"line":255,"column":24},"end":{"line":255,"column":32}},{"start":{"line":255,"column":36},"end":{"line":255,"column":56}}],"line":255},"26":{"loc":{"start":{"line":255,"column":78},"end":{"line":255,"column":101}},"type":"binary-expr","locations":[{"start":{"line":255,"column":78},"end":{"line":255,"column":88}},{"start":{"line":255,"column":92},"end":{"line":255,"column":101}}],"line":255},"27":{"loc":{"start":{"line":272,"column":19},"end":{"line":272,"column":70}},"type":"cond-expr","locations":[{"start":{"line":272,"column":30},"end":{"line":272,"column":48}},{"start":{"line":272,"column":51},"end":{"line":272,"column":70}}],"line":272},"28":{"loc":{"start":{"line":273,"column":21},"end":{"line":275,"column":19}},"type":"cond-expr","locations":[{"start":{"line":274,"column":8},"end":{"line":274,"column":54}},{"start":{"line":275,"column":8},"end":{"line":275,"column":19}}],"line":273},"29":{"loc":{"start":{"line":278,"column":24},"end":{"line":278,"column":47}},"type":"binary-expr","locations":[{"start":{"line":278,"column":24},"end":{"line":278,"column":32}},{"start":{"line":278,"column":36},"end":{"line":278,"column":47}}],"line":278},"30":{"loc":{"start":{"line":278,"column":69},"end":{"line":278,"column":92}},"type":"binary-expr","locations":[{"start":{"line":278,"column":69},"end":{"line":278,"column":79}},{"start":{"line":278,"column":83},"end":{"line":278,"column":92}}],"line":278},"31":{"loc":{"start":{"line":283,"column":2},"end":{"line":285,"column":3}},"type":"if","locations":[{"start":{"line":283,"column":2},"end":{"line":285,"column":3}},{"start":{},"end":{}}],"line":283},"32":{"loc":{"start":{"line":329,"column":2},"end":{"line":331,"column":3}},"type":"if","locations":[{"start":{"line":329,"column":2},"end":{"line":331,"column":3}},{"start":{},"end":{}}],"line":329},"33":{"loc":{"start":{"line":379,"column":2},"end":{"line":379,"column":39}},"type":"if","locations":[{"start":{"line":379,"column":2},"end":{"line":379,"column":39}},{"start":{},"end":{}}],"line":379},"34":{"loc":{"start":{"line":380,"column":2},"end":{"line":380,"column":51}},"type":"if","locations":[{"start":{"line":380,"column":2},"end":{"line":380,"column":51}},{"start":{},"end":{}}],"line":380},"35":{"loc":{"start":{"line":381,"column":2},"end":{"line":381,"column":55}},"type":"if","locations":[{"start":{"line":381,"column":2},"end":{"line":381,"column":55}},{"start":{},"end":{}}],"line":381},"36":{"loc":{"start":{"line":382,"column":2},"end":{"line":382,"column":77}},"type":"if","locations":[{"start":{"line":382,"column":2},"end":{"line":382,"column":77}},{"start":{},"end":{}}],"line":382},"37":{"loc":{"start":{"line":382,"column":6},"end":{"line":382,"column":44}},"type":"binary-expr","locations":[{"start":{"line":382,"column":6},"end":{"line":382,"column":22}},{"start":{"line":382,"column":26},"end":{"line":382,"column":44}}],"line":382},"38":{"loc":{"start":{"line":384,"column":9},"end":{"line":384,"column":33}},"type":"binary-expr","locations":[{"start":{"line":384,"column":9},"end":{"line":384,"column":24}},{"start":{"line":384,"column":28},"end":{"line":384,"column":33}}],"line":384}},"s":{"0":7,"1":7,"2":7,"3":7,"4":7,"5":1,"6":6,"7":6,"8":2,"9":4,"10":6,"11":1,"12":6,"13":1,"14":6,"15":1,"16":6,"17":8,"18":8,"19":8,"20":8,"21":3,"22":3,"23":2,"24":3,"25":5,"26":5,"27":5,"28":5,"29":5,"30":15,"31":5,"32":3,"33":2,"34":3,"35":2,"36":2,"37":2,"38":3,"39":2,"40":4,"41":4,"42":3,"43":4,"44":4,"45":4,"46":4,"47":4,"48":4,"49":3,"50":3,"51":3,"52":14,"53":14,"54":14,"55":3,"56":1,"57":3,"58":3,"59":2,"60":3,"61":3,"62":13,"63":3,"64":1,"65":3,"66":2,"67":2,"68":5,"69":5,"70":5,"71":5,"72":5,"73":5,"74":1,"75":5,"76":1,"77":5,"78":2,"79":5,"80":1,"81":5,"82":7},"f":{"0":7,"1":4,"2":8,"3":8,"4":3,"5":5,"6":5,"7":15,"8":3,"9":2,"10":3,"11":2,"12":2,"13":3,"14":4,"15":4,"16":4,"17":3,"18":14,"19":3,"20":2,"21":3,"22":13,"23":2,"24":2,"25":5},"b":{"0":[6,1],"1":[6,1],"2":[1,6],"3":[5,1],"4":[6,3],"5":[2,4],"6":[6,5,5],"7":[1,5],"8":[1,5],"9":[1,5],"10":[8,2],"11":[8,2],"12":[8,1],"13":[8,1],"14":[8,1],"15":[2,1],"16":[5,1],"17":[3,1],"18":[3,2],"19":[0,3],"20":[2,0],"21":[3,0],"22":[3,1],"23":[3,1],"24":[1,3],"25":[4,1],"26":[4,1],"27":[2,12],"28":[0,14],"29":[14,0],"30":[14,0],"31":[1,2],"32":[1,2],"33":[1,4],"34":[1,4],"35":[2,3],"36":[1,4],"37":[5,1],"38":[5,2]},"_coverageSchema":"1a1c01bbd47fc00a2c39e90264f33305004495a9","hash":"3d9dfc8091f373015bcd08e16651fb8e32179d1a"}
,"C:\\Users\\matth\\smp-bot\\src\\utils\\permissions.js": {"path":"C:\\Users\\matth\\smp-bot\\src\\utils\\permissions.js","statementMap":{"0":{"start":{"line":1,"column":19},"end":{"line":1,"column":39}},"1":{"start":{"line":9,"column":2},"end":{"line":9,"column":28}},"2":{"start":{"line":9,"column":15},"end":{"line":9,"column":28}},"3":{"start":{"line":11,"column":2},"end":{"line":11,"column":54}},"4":{"start":{"line":11,"column":42},"end":{"line":11,"column":54}},"5":{"start":{"line":13,"column":2},"end":{"line":13,"column":82}},"6":{"start":{"line":13,"column":43},"end":{"line":13,"column":80}},"7":{"start":{"line":22,"column":2},"end":{"line":22,"column":28}},"8":{"start":{"line":22,"column":15},"end":{"line":22,"column":28}},"9":{"start":{"line":23,"column":2},"end":{"line":23,"column":49}},"10":{"start":{"line":32,"column":2},"end":{"line":38,"column":3}},"11":{"start":{"line":33,"column":4},"end":{"line":36,"column":7}},"12":{"start":{"line":37,"column":4},"end":{"line":37,"column":17}},"13":{"start":{"line":39,"column":2},"end":{"line":39,"column":14}},"14":{"start":{"line":42,"column":0},"end":{"line":42,"column":52}}},"fnMap":{"0":{"name":"isStaff","decl":{"start":{"line":8,"column":9},"end":{"line":8,"column":16}},"loc":{"start":{"line":8,"column":25},"end":{"line":14,"column":1}},"line":8},"1":{"name":"(anonymous_1)","decl":{"start":{"line":13,"column":33},"end":{"line":13,"column":34}},"loc":{"start":{"line":13,"column":43},"end":{"line":13,"column":80}},"line":13},"2":{"name":"isAdmin","decl":{"start":{"line":21,"column":9},"end":{"line":21,"column":16}},"loc":{"start":{"line":21,"column":25},"end":{"line":24,"column":1}},"line":21},"3":{"name":"requireStaff","decl":{"start":{"line":31,"column":9},"end":{"line":31,"column":21}},"loc":{"start":{"line":31,"column":35},"end":{"line":40,"column":1}},"line":31}},"branchMap":{"0":{"loc":{"start":{"line":9,"column":2},"end":{"line":9,"column":28}},"type":"if","locations":[{"start":{"line":9,"column":2},"end":{"line":9,"column":28}},{"start":{},"end":{}}],"line":9},"1":{"loc":{"start":{"line":11,"column":2},"end":{"line":11,"column":54}},"type":"if","locations":[{"start":{"line":11,"column":2},"end":{"line":11,"column":54}},{"start":{},"end":{}}],"line":11},"2":{"loc":{"start":{"line":22,"column":2},"end":{"line":22,"column":28}},"type":"if","locations":[{"start":{"line":22,"column":2},"end":{"line":22,"column":28}},{"start":{},"end":{}}],"line":22},"3":{"loc":{"start":{"line":32,"column":2},"end":{"line":38,"column":3}},"type":"if","locations":[{"start":{"line":32,"column":2},"end":{"line":38,"column":3}},{"start":{},"end":{}}],"line":32}},"s":{"0":5,"1":8,"2":2,"3":6,"4":1,"5":5,"6":4,"7":3,"8":1,"9":2,"10":2,"11":1,"12":1,"13":1,"14":5},"f":{"0":8,"1":4,"2":3,"3":2},"b":{"0":[2,6],"1":[1,5],"2":[1,2],"3":[1,1]},"_coverageSchema":"1a1c01bbd47fc00a2c39e90264f33305004495a9","hash":"a49368eae52e68f120b256dc9ae5c3554855a5a2"}
,"C:\\Users\\matth\\smp-bot\\src\\utils\\playerResolver.js": {"path":"C:\\Users\\matth\\smp-bot\\src\\utils\\playerResolver.js","statementMap":{"0":{"start":{"line":10,"column":15},"end":{"line":10,"column":48}},"1":{"start":{"line":12,"column":21},"end":{"line":12,"column":44}},"2":{"start":{"line":22,"column":2},"end":{"line":25,"column":3}},"3":{"start":{"line":24,"column":4},"end":{"line":24,"column":62}},"4":{"start":{"line":27,"column":18},"end":{"line":27,"column":55}},"5":{"start":{"line":28,"column":2},"end":{"line":28,"column":28}},"6":{"start":{"line":28,"column":16},"end":{"line":28,"column":28}},"7":{"start":{"line":30,"column":2},"end":{"line":30,"column":60}},"8":{"start":{"line":33,"column":0},"end":{"line":33,"column":35}}},"fnMap":{"0":{"name":"resolvePlayer","decl":{"start":{"line":21,"column":15},"end":{"line":21,"column":28}},"loc":{"start":{"line":21,"column":36},"end":{"line":31,"column":1}},"line":21}},"branchMap":{"0":{"loc":{"start":{"line":22,"column":2},"end":{"line":25,"column":3}},"type":"if","locations":[{"start":{"line":22,"column":2},"end":{"line":25,"column":3}},{"start":{},"end":{}}],"line":22},"1":{"loc":{"start":{"line":28,"column":2},"end":{"line":28,"column":28}},"type":"if","locations":[{"start":{"line":28,"column":2},"end":{"line":28,"column":28}},{"start":{},"end":{}}],"line":28}},"s":{"0":2,"1":2,"2":17,"3":2,"4":15,"5":14,"6":3,"7":11,"8":2},"f":{"0":17},"b":{"0":[2,15],"1":[3,11]},"_coverageSchema":"1a1c01bbd47fc00a2c39e90264f33305004495a9","hash":"f982b3a1c9601bb920c10432d9b242e55848954e"}
,"C:\\Users\\matth\\smp-bot\\src\\webhooks\\discordsrv.js": {"path":"C:\\Users\\matth\\smp-bot\\src\\webhooks\\discordsrv.js","statementMap":{"0":{"start":{"line":16,"column":16},"end":{"line":16,"column":34}},"1":{"start":{"line":17,"column":19},"end":{"line":17,"column":39}},"2":{"start":{"line":23,"column":4},"end":{"line":23,"column":30}},"3":{"start":{"line":25,"column":13},"end":{"line":25,"column":17}},"4":{"start":{"line":34,"column":2},"end":{"line":34,"column":25}},"5":{"start":{"line":35,"column":2},"end":{"line":35,"column":18}},"6":{"start":{"line":37,"column":2},"end":{"line":37,"column":44}},"7":{"start":{"line":40,"column":2},"end":{"line":45,"column":3}},"8":{"start":{"line":41,"column":4},"end":{"line":44,"column":6}},"9":{"start":{"line":49,"column":2},"end":{"line":51,"column":5}},"10":{"start":{"line":50,"column":4},"end":{"line":50,"column":57}},"11":{"start":{"line":54,"column":2},"end":{"line":62,"column":5}},"12":{"start":{"line":55,"column":4},"end":{"line":60,"column":5}},"13":{"start":{"line":56,"column":20},"end":{"line":56,"column":71}},"14":{"start":{"line":57,"column":6},"end":{"line":59,"column":7}},"15":{"start":{"line":58,"column":8},"end":{"line":58,"column":73}},"16":{"start":{"line":61,"column":4},"end":{"line":61,"column":11}},"17":{"start":{"line":64,"column":2},"end":{"line":142,"column":5}},"18":{"start":{"line":65,"column":4},"end":{"line":141,"column":5}},"19":{"start":{"line":66,"column":22},"end":{"line":66,"column":30}},"20":{"start":{"line":68,"column":6},"end":{"line":70,"column":7}},"21":{"start":{"line":69,"column":8},"end":{"line":69,"column":78}},"22":{"start":{"line":73,"column":51},"end":{"line":73,"column":58}},"23":{"start":{"line":74,"column":24},"end":{"line":74,"column":49}},"24":{"start":{"line":76,"column":6},"end":{"line":134,"column":7}},"25":{"start":{"line":79,"column":10},"end":{"line":82,"column":12}},"26":{"start":{"line":83,"column":10},"end":{"line":83,"column":16}},"27":{"start":{"line":86,"column":10},"end":{"line":89,"column":12}},"28":{"start":{"line":90,"column":10},"end":{"line":90,"column":16}},"29":{"start":{"line":93,"column":10},"end":{"line":96,"column":12}},"30":{"start":{"line":97,"column":10},"end":{"line":97,"column":16}},"31":{"start":{"line":100,"column":10},"end":{"line":103,"column":12}},"32":{"start":{"line":104,"column":10},"end":{"line":104,"column":16}},"33":{"start":{"line":108,"column":12},"end":{"line":108,"column":67}},"34":{"start":{"line":109,"column":33},"end":{"line":109,"column":58}},"35":{"start":{"line":110,"column":10},"end":{"line":113,"column":12}},"36":{"start":{"line":114,"column":10},"end":{"line":114,"column":16}},"37":{"start":{"line":118,"column":10},"end":{"line":118,"column":72}},"38":{"start":{"line":119,"column":10},"end":{"line":119,"column":16}},"39":{"start":{"line":122,"column":10},"end":{"line":122,"column":71}},"40":{"start":{"line":123,"column":10},"end":{"line":123,"column":16}},"41":{"start":{"line":127,"column":10},"end":{"line":133,"column":12}},"42":{"start":{"line":136,"column":6},"end":{"line":136,"column":33}},"43":{"start":{"line":139,"column":6},"end":{"line":139,"column":64}},"44":{"start":{"line":140,"column":6},"end":{"line":140,"column":63}},"45":{"start":{"line":144,"column":15},"end":{"line":144,"column":42}},"46":{"start":{"line":145,"column":2},"end":{"line":147,"column":5}},"47":{"start":{"line":146,"column":4},"end":{"line":146,"column":75}},"48":{"start":{"line":154,"column":20},"end":{"line":154,"column":47}},"49":{"start":{"line":156,"column":2},"end":{"line":164,"column":3}},"50":{"start":{"line":160,"column":4},"end":{"line":162,"column":6}},"51":{"start":{"line":163,"column":4},"end":{"line":163,"column":11}},"52":{"start":{"line":166,"column":2},"end":{"line":175,"column":3}},"53":{"start":{"line":167,"column":20},"end":{"line":167,"column":58}},"54":{"start":{"line":168,"column":4},"end":{"line":170,"column":5}},"55":{"start":{"line":169,"column":6},"end":{"line":169,"column":46}},"56":{"start":{"line":172,"column":4},"end":{"line":174,"column":6}},"57":{"start":{"line":178,"column":0},"end":{"line":178,"column":45}},"58":{"start":{"line":178,"column":39},"end":{"line":178,"column":42}}},"fnMap":{"0":{"name":"init","decl":{"start":{"line":33,"column":9},"end":{"line":33,"column":13}},"loc":{"start":{"line":33,"column":29},"end":{"line":148,"column":1}},"line":33},"1":{"name":"(anonymous_1)","decl":{"start":{"line":49,"column":21},"end":{"line":49,"column":22}},"loc":{"start":{"line":49,"column":36},"end":{"line":51,"column":3}},"line":49},"2":{"name":"(anonymous_2)","decl":{"start":{"line":54,"column":10},"end":{"line":54,"column":11}},"loc":{"start":{"line":54,"column":30},"end":{"line":62,"column":3}},"line":54},"3":{"name":"(anonymous_3)","decl":{"start":{"line":64,"column":23},"end":{"line":64,"column":24}},"loc":{"start":{"line":64,"column":43},"end":{"line":142,"column":3}},"line":64},"4":{"name":"(anonymous_4)","decl":{"start":{"line":145,"column":19},"end":{"line":145,"column":20}},"loc":{"start":{"line":145,"column":25},"end":{"line":147,"column":3}},"line":145},"5":{"name":"relayMessage","decl":{"start":{"line":153,"column":15},"end":{"line":153,"column":27}},"loc":{"start":{"line":153,"column":47},"end":{"line":176,"column":1}},"line":153},"6":{"name":"(anonymous_6)","decl":{"start":{"line":178,"column":33},"end":{"line":178,"column":34}},"loc":{"start":{"line":178,"column":39},"end":{"line":178,"column":42}},"line":178}},"branchMap":{"0":{"loc":{"start":{"line":40,"column":2},"end":{"line":45,"column":3}},"type":"if","locations":[{"start":{"line":40,"column":2},"end":{"line":45,"column":3}},{"start":{},"end":{}}],"line":40},"1":{"loc":{"start":{"line":55,"column":4},"end":{"line":60,"column":5}},"type":"if","locations":[{"start":{"line":55,"column":4},"end":{"line":60,"column":5}},{"start":{},"end":{}}],"line":55},"2":{"loc":{"start":{"line":56,"column":20},"end":{"line":56,"column":71}},"type":"binary-expr","locations":[{"start":{"line":56,"column":20},"end":{"line":56,"column":51}},{"start":{"line":56,"column":55},"end":{"line":56,"column":71}}],"line":56},"3":{"loc":{"start":{"line":57,"column":6},"end":{"line":59,"column":7}},"type":"if","locations":[{"start":{"line":57,"column":6},"end":{"line":59,"column":7}},{"start":{},"end":{}}],"line":57},"4":{"loc":{"start":{"line":68,"column":6},"end":{"line":70,"column":7}},"type":"if","locations":[{"start":{"line":68,"column":6},"end":{"line":70,"column":7}},{"start":{},"end":{}}],"line":68},"5":{"loc":{"start":{"line":68,"column":10},"end":{"line":68,"column":49}},"type":"binary-expr","locations":[{"start":{"line":68,"column":10},"end":{"line":68,"column":18}},{"start":{"line":68,"column":22},"end":{"line":68,"column":49}}],"line":68},"6":{"loc":{"start":{"line":74,"column":24},"end":{"line":74,"column":49}},"type":"binary-expr","locations":[{"start":{"line":74,"column":24},"end":{"line":74,"column":28}},{"start":{"line":74,"column":32},"end":{"line":74,"column":39}},{"start":{"line":74,"column":43},"end":{"line":74,"column":49}}],"line":74},"7":{"loc":{"start":{"line":76,"column":6},"end":{"line":134,"column":7}},"type":"switch","locations":[{"start":{"line":77,"column":8},"end":{"line":77,"column":20}},{"start":{"line":78,"column":8},"end":{"line":83,"column":16}},{"start":{"line":85,"column":8},"end":{"line":90,"column":16}},{"start":{"line":92,"column":8},"end":{"line":97,"column":16}},{"start":{"line":99,"column":8},"end":{"line":104,"column":16}},{"start":{"line":106,"column":8},"end":{"line":115,"column":9}},{"start":{"line":117,"column":8},"end":{"line":119,"column":16}},{"start":{"line":121,"column":8},"end":{"line":123,"column":16}},{"start":{"line":125,"column":8},"end":{"line":133,"column":12}}],"line":76},"8":{"loc":{"start":{"line":102,"column":29},"end":{"line":102,"column":48}},"type":"binary-expr","locations":[{"start":{"line":102,"column":29},"end":{"line":102,"column":37}},{"start":{"line":102,"column":41},"end":{"line":102,"column":48}}],"line":102},"9":{"loc":{"start":{"line":108,"column":12},"end":{"line":108,"column":67}},"type":"binary-expr","locations":[{"start":{"line":108,"column":12},"end":{"line":108,"column":31}},{"start":{"line":108,"column":35},"end":{"line":108,"column":42}},{"start":{"line":108,"column":46},"end":{"line":108,"column":67}}],"line":108},"10":{"loc":{"start":{"line":109,"column":33},"end":{"line":109,"column":58}},"type":"binary-expr","locations":[{"start":{"line":109,"column":33},"end":{"line":109,"column":52}},{"start":{"line":109,"column":56},"end":{"line":109,"column":58}}],"line":109},"11":{"loc":{"start":{"line":130,"column":14},"end":{"line":130,"column":34}},"type":"binary-expr","locations":[{"start":{"line":130,"column":14},"end":{"line":130,"column":22}},{"start":{"line":130,"column":26},"end":{"line":130,"column":34}}],"line":130},"12":{"loc":{"start":{"line":131,"column":14},"end":{"line":131,"column":48}},"type":"binary-expr","locations":[{"start":{"line":131,"column":14},"end":{"line":131,"column":21}},{"start":{"line":131,"column":25},"end":{"line":131,"column":48}}],"line":131},"13":{"loc":{"start":{"line":144,"column":15},"end":{"line":144,"column":42}},"type":"binary-expr","locations":[{"start":{"line":144,"column":15},"end":{"line":144,"column":34}},{"start":{"line":144,"column":38},"end":{"line":144,"column":42}}],"line":144},"14":{"loc":{"start":{"line":156,"column":2},"end":{"line":164,"column":3}},"type":"if","locations":[{"start":{"line":156,"column":2},"end":{"line":164,"column":3}},{"start":{},"end":{}}],"line":156},"15":{"loc":{"start":{"line":168,"column":4},"end":{"line":170,"column":5}},"type":"if","locations":[{"start":{"line":168,"column":4},"end":{"line":170,"column":5}},{"start":{},"end":{}}],"line":168}},"s":{"0":1,"1":1,"2":1,"3":1,"4":16,"5":16,"6":16,"7":16,"8":0,"9":16,"10":1,"11":16,"12":14,"13":14,"14":14,"15":2,"16":12,"17":16,"18":12,"19":12,"20":12,"21":0,"22":12,"23":12,"24":12,"25":5,"26":5,"27":1,"28":1,"29":1,"30":1,"31":1,"32":1,"33":1,"34":1,"35":1,"36":1,"37":1,"38":1,"39":1,"40":1,"41":1,"42":12,"43":0,"44":0,"45":16,"46":16,"47":0,"48":12,"49":12,"50":0,"51":0,"52":12,"53":12,"54":11,"55":11,"56":1,"57":1,"58":16},"f":{"0":16,"1":1,"2":14,"3":12,"4":0,"5":12,"6":16},"b":{"0":[0,16],"1":[14,0],"2":[14,1],"3":[2,12],"4":[0,12],"5":[12,12],"6":[12,2,1],"7":[4,5,1,1,1,1,1,1,1],"8":[1,0],"9":[1,1,0],"10":[1,0],"11":[1,0],"12":[1,0],"13":[16,0],"14":[0,12],"15":[11,0]},"_coverageSchema":"1a1c01bbd47fc00a2c39e90264f33305004495a9","hash":"e764089a505a5445f9c8da1ce008d7bc8fcfd465"}
}
