TN:
SF:src\commands\checkbans.js
FN:18,(anonymous_0)
FN:23,(anonymous_1)
FNF:2
FNH:2
FNDA:1,(anonymous_0)
FNDA:5,(anonymous_1)
DA:8,1
DA:9,1
DA:10,1
DA:11,1
DA:12,1
DA:14,1
DA:19,1
DA:24,5
DA:25,4
DA:27,4
DA:29,4
DA:30,4
DA:31,4
DA:32,1
DA:37,3
DA:39,2
DA:40,1
DA:45,1
DA:46,1
DA:48,1
DA:51,1
LF:21
LH:21
BRDA:24,0,0,1
BRDA:24,0,1,4
BRDA:31,1,0,1
BRDA:31,1,1,3
BRDA:39,2,0,1
BRDA:39,2,1,1
BRF:6
BRH:6
end_of_record
TN:
SF:src\commands\event.js
FN:27,(anonymous_0)
FN:31,(anonymous_1)
FN:33,(anonymous_2)
FN:35,(anonymous_3)
FN:37,(anonymous_4)
FN:41,(anonymous_5)
FN:44,(anonymous_6)
FN:49,(anonymous_7)
FN:53,(anonymous_8)
FN:57,(anonymous_9)
FN:82,handleCreate
FN:135,handleList
FN:146,handleCancel
FN:177,getEventsChannel
FNF:14
FNH:14
FNDA:1,(anonymous_0)
FNDA:1,(anonymous_1)
FNDA:1,(anonymous_2)
FNDA:1,(anonymous_3)
FNDA:1,(anonymous_4)
FNDA:1,(anonymous_5)
FNDA:1,(anonymous_6)
FNDA:1,(anonymous_7)
FNDA:1,(anonymous_8)
FNDA:9,(anonymous_9)
FNDA:4,handleCreate
FNDA:2,handleList
FNDA:3,handleCancel
FNDA:2,getEventsChannel
DA:14,1
DA:15,1
DA:16,1
DA:17,1
DA:18,1
DA:20,1
DA:21,1
DA:23,1
DA:28,1
DA:32,1
DA:34,1
DA:36,1
DA:38,1
DA:42,1
DA:45,1
DA:50,1
DA:54,1
DA:58,9
DA:60,9
DA:61,9
DA:62,4
DA:63,5
DA:64,2
DA:65,3
DA:66,3
DA:69,0
DA:70,0
DA:71,0
DA:83,4
DA:85,3
DA:86,3
DA:87,3
DA:88,3
DA:89,3
DA:91,3
DA:92,1
DA:97,2
DA:98,1
DA:104,1
DA:113,1
DA:114,1
DA:116,1
DA:124,1
DA:125,1
DA:126,1
DA:129,1
DA:136,2
DA:138,2
DA:139,1
DA:142,1
DA:143,1
DA:147,3
DA:149,2
DA:150,2
DA:152,2
DA:153,1
DA:159,1
DA:162,1
DA:163,1
DA:164,1
DA:169,1
DA:178,2
DA:179,2
LF:63
LH:60
BRDA:61,0,0,4
BRDA:61,0,1,5
BRDA:63,1,0,2
BRDA:63,1,1,3
BRDA:65,2,0,3
BRDA:65,2,1,0
BRDA:70,3,0,0
BRDA:70,3,1,0
BRDA:70,4,0,0
BRDA:70,4,1,0
BRDA:83,5,0,1
BRDA:83,5,1,3
BRDA:91,6,0,1
BRDA:91,6,1,2
BRDA:97,7,0,1
BRDA:97,7,1,1
BRDA:125,8,0,1
BRDA:125,8,1,0
BRDA:138,9,0,1
BRDA:138,9,1,1
BRDA:147,10,0,1
BRDA:147,10,1,2
BRDA:152,11,0,1
BRDA:152,11,1,1
BRDA:163,12,0,1
BRDA:163,12,1,0
BRDA:178,13,0,0
BRDA:178,13,1,2
BRDA:179,14,0,2
BRDA:179,14,1,0
BRF:30
BRH:21
end_of_record
TN:
SF:src\commands\history.js
FN:17,(anonymous_0)
FN:22,(anonymous_1)
FNF:2
FNH:2
FNDA:1,(anonymous_0)
FNDA:3,(anonymous_1)
DA:7,1
DA:8,1
DA:9,1
DA:10,1
DA:11,1
DA:13,1
DA:18,1
DA:23,3
DA:24,2
DA:26,2
DA:28,2
DA:29,2
DA:30,2
DA:31,0
DA:36,2
DA:38,2
DA:39,1
DA:44,1
DA:45,1
DA:47,0
DA:50,0
LF:21
LH:18
BRDA:23,0,0,1
BRDA:23,0,1,2
BRDA:30,1,0,0
BRDA:30,1,1,2
BRDA:38,2,0,1
BRDA:38,2,1,1
BRF:6
BRH:5
end_of_record
TN:
SF:src\commands\poi.js
FN:19,(anonymous_0)
FN:23,(anonymous_1)
FN:25,(anonymous_2)
FN:27,(anonymous_3)
FN:29,(anonymous_4)
FN:31,(anonymous_5)
FN:40,(anonymous_6)
FN:43,(anonymous_7)
FN:48,(anonymous_8)
FN:52,(anonymous_9)
FN:56,(anonymous_10)
FN:81,handleAdd
FN:111,handleList
FN:133,handleRemove
FNF:14
FNH:14
FNDA:1,(anonymous_0)
FNDA:1,(anonymous_1)
FNDA:1,(anonymous_2)
FNDA:1,(anonymous_3)
FNDA:1,(anonymous_4)
FNDA:1,(anonymous_5)
FNDA:1,(anonymous_6)
FNDA:1,(anonymous_7)
FNDA:1,(anonymous_8)
FNDA:1,(anonymous_9)
FNDA:8,(anonymous_10)
FNDA:3,handleAdd
FNDA:2,handleList
FNDA:3,handleRemove
DA:8,1
DA:9,1
DA:10,1
DA:11,1
DA:13,1
DA:15,1
DA:20,1
DA:24,1
DA:26,1
DA:28,1
DA:30,1
DA:32,1
DA:41,1
DA:44,1
DA:49,1
DA:53,1
DA:57,8
DA:59,8
DA:60,8
DA:61,3
DA:62,5
DA:63,2
DA:64,3
DA:65,3
DA:68,0
DA:69,0
DA:70,0
DA:82,3
DA:83,3
DA:84,3
DA:85,3
DA:86,3
DA:87,3
DA:90,3
DA:91,1
DA:97,2
DA:98,2
DA:99,1
DA:105,1
DA:107,1
DA:108,1
DA:112,2
DA:114,2
DA:115,1
DA:118,1
DA:120,1
DA:121,1
DA:122,1
DA:124,1
DA:134,3
DA:136,2
DA:137,2
DA:139,2
DA:140,1
DA:146,1
DA:147,1
LF:56
LH:53
BRDA:60,0,0,3
BRDA:60,0,1,5
BRDA:62,1,0,2
BRDA:62,1,1,3
BRDA:64,2,0,3
BRDA:64,2,1,0
BRDA:69,3,0,0
BRDA:69,3,1,0
BRDA:69,4,0,0
BRDA:69,4,1,0
BRDA:90,5,0,1
BRDA:90,5,1,2
BRDA:98,6,0,1
BRDA:98,6,1,1
BRDA:114,7,0,1
BRDA:114,7,1,1
BRDA:122,8,0,1
BRDA:122,8,1,0
BRDA:134,9,0,1
BRDA:134,9,1,2
BRDA:139,10,0,1
BRDA:139,10,1,1
BRF:22
BRH:16
end_of_record
TN:
SF:src\commands\poll.js
FN:19,(anonymous_0)
FN:21,(anonymous_1)
FN:23,(anonymous_2)
FN:25,(anonymous_3)
FN:27,(anonymous_4)
FN:30,(anonymous_5)
FNF:6
FNH:6
FNDA:1,(anonymous_0)
FNDA:1,(anonymous_1)
FNDA:1,(anonymous_2)
FNDA:1,(anonymous_3)
FNDA:1,(anonymous_4)
FNDA:4,(anonymous_5)
DA:9,1
DA:10,1
DA:11,1
DA:13,1
DA:15,1
DA:20,1
DA:22,1
DA:24,1
DA:26,1
DA:28,1
DA:31,4
DA:32,4
DA:39,4
DA:40,1
DA:46,3
DA:48,3
DA:51,3
DA:52,3
DA:53,3
DA:54,1
DA:60,2
DA:65,2
DA:71,0
DA:79,2
DA:80,6
DA:83,0
DA:84,0
DA:85,0
LF:28
LH:24
BRDA:39,0,0,1
BRDA:39,0,1,3
BRDA:51,1,0,3
BRDA:51,1,1,0
BRDA:53,2,0,1
BRDA:53,2,1,2
BRDA:84,3,0,0
BRDA:84,3,1,0
BRDA:84,4,0,0
BRDA:84,4,1,0
BRF:10
BRH:5
end_of_record
TN:
SF:src\commands\register.js
FN:18,(anonymous_0)
FN:23,(anonymous_1)
FNF:2
FNH:2
FNDA:1,(anonymous_0)
FNDA:3,(anonymous_1)
DA:9,1
DA:10,1
DA:11,1
DA:12,1
DA:14,1
DA:19,1
DA:24,3
DA:26,3
DA:28,3
DA:29,3
DA:31,2
DA:32,1
DA:39,1
DA:41,1
DA:42,1
DA:44,1
DA:45,1
LF:17
LH:17
BRDA:31,0,0,1
BRDA:31,0,1,1
BRF:2
BRH:2
end_of_record
TN:
SF:src\commands\season.js
FN:20,(anonymous_0)
FN:25,(anonymous_1)
FN:29,(anonymous_2)
FN:31,(anonymous_3)
FN:35,(anonymous_4)
FN:39,(anonymous_5)
FN:62,handleInfo
FN:80,handleSet
FNF:8
FNH:8
FNDA:1,(anonymous_0)
FNDA:1,(anonymous_1)
FNDA:1,(anonymous_2)
FNDA:1,(anonymous_3)
FNDA:1,(anonymous_4)
FNDA:5,(anonymous_5)
FNDA:2,handleInfo
FNDA:3,handleSet
DA:8,1
DA:9,1
DA:10,1
DA:11,1
DA:13,1
DA:14,1
DA:16,1
DA:21,1
DA:26,1
DA:30,1
DA:32,1
DA:36,1
DA:40,5
DA:42,5
DA:43,5
DA:44,2
DA:45,3
DA:46,3
DA:49,0
DA:50,0
DA:51,0
DA:63,2
DA:65,2
DA:66,1
DA:72,1
DA:73,1
DA:74,1
DA:76,1
DA:77,1
DA:81,3
DA:83,2
DA:84,2
DA:85,2
DA:87,2
DA:88,1
DA:94,1
DA:96,1
LF:37
LH:34
BRDA:43,0,0,2
BRDA:43,0,1,3
BRDA:45,1,0,3
BRDA:45,1,1,0
BRDA:50,2,0,0
BRDA:50,2,1,0
BRDA:50,3,0,0
BRDA:50,3,1,0
BRDA:65,4,0,1
BRDA:65,4,1,1
BRDA:81,5,0,1
BRDA:81,5,1,2
BRDA:85,6,0,2
BRDA:85,6,1,1
BRDA:87,7,0,1
BRDA:87,7,1,1
BRDA:97,8,0,1
BRDA:97,8,1,0
BRF:18
BRH:12
end_of_record
TN:
SF:src\commands\status.js
FN:20,(anonymous_0)
FN:36,(anonymous_1)
FNF:2
FNH:2
FNDA:4,(anonymous_0)
FNDA:4,(anonymous_1)
DA:9,1
DA:10,1
DA:11,1
DA:12,1
DA:13,1
DA:15,1
DA:21,4
DA:23,4
DA:25,4
DA:26,2
DA:33,2
DA:34,2
DA:36,4
DA:42,2
DA:43,2
DA:44,2
DA:45,2
DA:46,1
DA:48,2
DA:49,1
DA:51,2
DA:52,1
DA:56,0
DA:59,2
DA:60,2
DA:63,2
DA:64,2
DA:65,2
DA:66,1
DA:67,1
DA:69,1
DA:70,1
LF:32
LH:31
BRDA:33,0,0,2
BRDA:33,0,1,0
BRDA:33,1,0,2
BRDA:33,1,1,2
BRDA:44,2,0,2
BRDA:44,2,1,0
BRDA:44,3,0,2
BRDA:44,3,1,2
BRDA:45,4,0,1
BRDA:45,4,1,1
BRDA:48,5,0,1
BRDA:48,5,1,1
BRDA:51,6,0,1
BRDA:51,6,1,1
BRF:14
BRH:12
end_of_record
TN:
SF:src\commands\warn.js
FN:19,(anonymous_0)
FN:23,(anonymous_1)
FN:28,(anonymous_2)
FNF:3
FNH:3
FNDA:1,(anonymous_0)
FNDA:1,(anonymous_1)
FNDA:5,(anonymous_2)
DA:9,1
DA:10,1
DA:11,1
DA:12,1
DA:13,1
DA:15,1
DA:20,1
DA:24,1
DA:29,5
DA:30,4
DA:32,4
DA:33,4
DA:35,4
DA:36,4
DA:37,4
DA:38,1
DA:44,3
DA:46,2
DA:53,2
DA:59,2
DA:62,2
DA:63,1
DA:64,1
DA:65,1
DA:66,1
DA:72,0
DA:78,1
DA:81,1
LF:28
LH:27
BRDA:29,0,0,1
BRDA:29,0,1,4
BRDA:37,1,0,1
BRDA:37,1,1,3
BRDA:48,2,0,1
BRDA:48,2,1,1
BRDA:62,3,0,1
BRDA:62,3,1,1
BRDA:65,4,0,1
BRDA:65,4,1,0
BRF:10
BRH:9
end_of_record
TN:
SF:src\commands\warnings.js
FN:17,(anonymous_0)
FN:22,(anonymous_1)
FNF:2
FNH:2
FNDA:1,(anonymous_0)
FNDA:3,(anonymous_1)
DA:7,1
DA:8,1
DA:9,1
DA:10,1
DA:11,1
DA:13,1
DA:18,1
DA:23,3
DA:24,2
DA:26,2
DA:28,2
DA:29,2
DA:30,2
DA:31,0
DA:36,2
DA:38,2
DA:39,1
DA:44,1
DA:45,1
DA:47,0
DA:50,0
LF:21
LH:18
BRDA:23,0,0,1
BRDA:23,0,1,2
BRDA:30,1,0,0
BRDA:30,1,1,2
BRDA:38,2,0,1
BRDA:38,2,1,1
BRF:6
BRH:5
end_of_record
TN:
SF:src\commands\whitelist.js
FN:17,(anonymous_0)
FN:21,(anonymous_1)
FN:26,(anonymous_2)
FN:30,(anonymous_3)
FN:36,(anonymous_4)
FNF:5
FNH:5
FNDA:1,(anonymous_0)
FNDA:1,(anonymous_1)
FNDA:1,(anonymous_2)
FNDA:1,(anonymous_3)
FNDA:5,(anonymous_4)
DA:9,1
DA:10,1
DA:11,1
DA:13,1
DA:18,1
DA:22,1
DA:27,1
DA:31,1
DA:37,5
DA:38,4
DA:40,4
DA:41,4
DA:43,4
DA:45,4
DA:46,2
DA:48,2
DA:51,2
DA:55,2
DA:58,2
LF:19
LH:19
BRDA:37,0,0,1
BRDA:37,0,1,4
BRDA:45,1,0,2
BRDA:45,1,1,2
BRDA:52,2,0,1
BRDA:52,2,1,1
BRF:6
BRH:6
end_of_record
TN:
SF:src\commands\whois.js
FN:15,(anonymous_0)
FN:20,(anonymous_1)
FNF:2
FNH:2
FNDA:1,(anonymous_0)
FNDA:3,(anonymous_1)
DA:7,1
DA:8,1
DA:9,1
DA:11,1
DA:16,1
DA:21,3
DA:23,3
DA:24,3
DA:26,2
DA:27,1
DA:35,1
DA:36,1
DA:38,1
DA:39,1
LF:14
LH:14
BRDA:26,0,0,1
BRDA:26,0,1,1
BRF:2
BRH:2
end_of_record
TN:
SF:src\db\index.js
FN:18,getDb
FN:28,initSchema
FN:90,createEvent
FN:99,getUpcomingEvents
FN:107,getEventById
FN:111,cancelEvent
FN:115,addRsvp
FN:121,getRsvpCount
FN:130,registerPlayer
FN:138,getPlayerByDiscord
FN:142,getPlayerByUsername
FN:146,getPlayerByUuid
FN:152,addWarning
FN:158,getWarningsByUuid
FN:166,addPoi
FN:174,getAllPois
FN:178,getPoiByName
FN:182,removePoi
FN:188,getCurrentSeason
FN:194,setSeason
FNF:20
FNH:20
FNDA:28,getDb
FNDA:26,initSchema
FNDA:1,createEvent
FNDA:2,getUpcomingEvents
FNDA:2,getEventById
FNDA:1,cancelEvent
FNDA:1,addRsvp
FNDA:1,getRsvpCount
FNDA:1,registerPlayer
FNDA:2,getPlayerByDiscord
FNDA:1,getPlayerByUsername
FNDA:1,getPlayerByUuid
FNDA:1,addWarning
FNDA:2,getWarningsByUuid
FNDA:1,addPoi
FNDA:2,getAllPois
FNDA:2,getPoiByName
FNDA:1,removePoi
FNDA:2,getCurrentSeason
FNDA:2,setSeason
DA:11,30
DA:12,30
DA:14,30
DA:19,28
DA:20,26
DA:21,26
DA:22,26
DA:23,26
DA:25,28
DA:29,26
DA:91,1
DA:95,1
DA:96,1
DA:100,2
DA:108,2
DA:112,1
DA:116,1
DA:122,1
DA:125,1
DA:131,1
DA:139,2
DA:143,1
DA:147,1
DA:153,1
DA:159,2
DA:167,1
DA:175,2
DA:179,2
DA:183,1
DA:189,2
DA:195,2
DA:198,2
DA:203,30
LF:33
LH:33
BRDA:19,0,0,26
BRDA:19,0,1,2
BRF:2
BRH:2
end_of_record
TN:
SF:src\integrations\advancedbans.js
FN:18,getPool
FN:39,getActivePunishments
FN:51,getPunishmentHistory
FN:63,getActiveBans
FN:75,getActiveMutes
FN:87,getAllActivePunishments
FN:98,getUuidByUsername
FN:110,getUsernameByUuid
FNF:8
FNH:8
FNDA:13,getPool
FNDA:2,getActivePunishments
FNDA:2,getPunishmentHistory
FNDA:2,getActiveBans
FNDA:1,getActiveMutes
FNDA:2,getAllActivePunishments
FNDA:2,getUuidByUsername
FNDA:2,getUsernameByUuid
DA:13,14
DA:14,14
DA:16,14
DA:19,13
DA:20,13
DA:33,13
DA:40,2
DA:41,2
DA:45,2
DA:52,2
DA:53,2
DA:57,2
DA:64,2
DA:65,2
DA:69,2
DA:76,1
DA:77,1
DA:81,1
DA:88,2
DA:89,2
DA:92,2
DA:99,2
DA:100,2
DA:104,2
DA:111,2
DA:112,2
DA:116,2
DA:119,14
LF:28
LH:28
BRDA:19,0,0,13
BRDA:19,0,1,0
BRDA:104,1,0,1
BRDA:104,1,1,1
BRDA:116,2,0,1
BRDA:116,2,1,1
BRF:6
BRH:5
end_of_record
TN:
SF:src\integrations\mcsrvstat.js
FN:20,fetchStatus
FN:21,(anonymous_1)
FN:26,(anonymous_2)
FN:28,(anonymous_3)
FN:29,(anonymous_4)
FN:61,(anonymous_5)
FNF:6
FNH:6
FNDA:7,fetchStatus
FNDA:7,(anonymous_1)
FNDA:6,(anonymous_2)
FNDA:6,(anonymous_3)
FNDA:6,(anonymous_4)
FNDA:1,(anonymous_5)
DA:9,2
DA:11,2
DA:21,7
DA:22,7
DA:26,7
DA:27,6
DA:28,6
DA:29,6
DA:30,6
DA:31,6
DA:32,5
DA:33,1
DA:34,1
DA:36,4
DA:58,1
DA:62,1
DA:67,2
LF:17
LH:17
BRDA:20,0,0,6
BRDA:22,1,0,6
BRDA:22,1,1,1
BRDA:32,2,0,1
BRDA:32,2,1,4
BRDA:32,3,0,5
BRDA:32,3,1,5
BRDA:37,4,0,4
BRDA:37,4,1,1
BRDA:41,5,0,1
BRDA:41,5,1,3
BRDA:43,6,0,1
BRDA:43,6,1,0
BRDA:44,7,0,1
BRDA:44,7,1,0
BRDA:45,8,0,1
BRDA:45,8,1,0
BRDA:50,9,0,1
BRDA:50,9,1,3
BRDA:51,10,0,1
BRDA:51,10,1,0
BRF:21
BRH:17
end_of_record
TN:
SF:src\integrations\mojang.js
FN:24,getUuidByUsername
FN:25,(anonymous_1)
FN:28,(anonymous_2)
FN:30,(anonymous_3)
FN:31,(anonymous_4)
FN:49,(anonymous_5)
FN:61,getNameHistory
FN:62,(anonymous_7)
FN:66,(anonymous_8)
FN:68,(anonymous_9)
FN:69,(anonymous_10)
FN:82,(anonymous_11)
FN:94,hasPaidGame
FN:95,(anonymous_13)
FN:99,(anonymous_14)
FN:103,(anonymous_15)
FN:106,(anonymous_16)
FNF:17
FNH:16
FNDA:7,getUuidByUsername
FNDA:7,(anonymous_1)
FNDA:6,(anonymous_2)
FNDA:6,(anonymous_3)
FNDA:6,(anonymous_4)
FNDA:1,(anonymous_5)
FNDA:3,getNameHistory
FNDA:3,(anonymous_7)
FNDA:3,(anonymous_8)
FNDA:3,(anonymous_9)
FNDA:3,(anonymous_10)
FNDA:0,(anonymous_11)
FNDA:3,hasPaidGame
FNDA:3,(anonymous_13)
FNDA:2,(anonymous_14)
FNDA:2,(anonymous_15)
FNDA:1,(anonymous_16)
DA:13,4
DA:15,4
DA:16,4
DA:25,7
DA:26,7
DA:28,7
DA:29,6
DA:30,6
DA:31,6
DA:32,6
DA:33,2
DA:34,2
DA:36,4
DA:37,1
DA:40,1
DA:42,3
DA:43,3
DA:44,2
DA:46,1
DA:50,1
DA:62,3
DA:63,3
DA:64,3
DA:66,3
DA:67,3
DA:68,3
DA:69,3
DA:70,3
DA:71,1
DA:74,1
DA:76,2
DA:77,2
DA:79,0
DA:83,0
DA:95,3
DA:96,3
DA:97,3
DA:99,3
DA:102,2
DA:103,2
DA:104,2
DA:107,1
DA:112,4
LF:43
LH:41
BRDA:32,0,0,2
BRDA:32,0,1,4
BRDA:32,1,0,6
BRDA:32,1,1,5
BRDA:36,2,0,1
BRDA:36,2,1,3
BRDA:70,3,0,1
BRDA:70,3,1,2
BRF:8
BRH:8
end_of_record
TN:
SF:src\integrations\rcon.js
FN:28,connect
FN:47,disconnect
FN:58,send
FN:75,getOnlinePlayers
FN:90,(anonymous_4)
FN:103,sanitiseUsername
FN:112,whitelistAdd
FN:117,whitelistRemove
FN:122,broadcast
FNF:9
FNH:9
FNDA:14,connect
FNDA:2,disconnect
FNDA:11,send
FNDA:4,getOnlinePlayers
FNDA:5,(anonymous_4)
FNDA:6,sanitiseUsername
FNDA:4,whitelistAdd
FNDA:2,whitelistRemove
FNDA:2,broadcast
DA:13,21
DA:14,21
DA:16,21
DA:22,21
DA:29,14
DA:30,0
DA:31,0
DA:33,14
DA:34,14
DA:39,12
DA:40,12
DA:42,2
DA:43,2
DA:48,2
DA:49,1
DA:50,1
DA:59,11
DA:61,2
DA:62,2
DA:63,1
DA:68,10
DA:76,4
DA:78,4
DA:83,4
DA:84,6
DA:85,6
DA:86,3
DA:90,5
DA:96,1
DA:104,6
DA:105,4
DA:109,2
DA:113,4
DA:114,1
DA:118,2
DA:119,1
DA:124,2
DA:125,2
DA:128,21
LF:39
LH:37
BRDA:29,0,0,0
BRDA:29,0,1,14
BRDA:48,1,0,1
BRDA:48,1,1,1
BRDA:59,2,0,2
BRDA:59,2,1,9
BRDA:59,3,0,11
BRDA:59,3,1,9
BRDA:62,4,0,1
BRDA:62,4,1,1
BRDA:62,5,0,2
BRDA:62,5,1,1
BRDA:85,6,0,3
BRDA:85,6,1,3
BRDA:89,7,0,2
BRDA:89,7,1,1
BRDA:104,8,0,4
BRDA:104,8,1,2
BRF:18
BRH:17
end_of_record
TN:
SF:src\utils\embeds.js
FN:44,statusEmbed
FN:60,(anonymous_1)
FN:84,chatMessageEmbed
FN:92,playerEventEmbed
FN:107,advancementEmbed
FN:121,serverEventEmbed
FN:138,pollEmbed
FN:141,(anonymous_7)
FN:156,eventAnnouncementEmbed
FN:168,eventListEmbed
FN:169,(anonymous_10)
FN:186,poiRegisteredEmbed
FN:199,poiListEmbed
FN:206,(anonymous_13)
FN:221,seasonInfoEmbed
FN:243,activePunishmentsEmbed
FN:249,(anonymous_16)
FN:263,punishmentHistoryEmbed
FN:271,(anonymous_18)
FN:290,warningIssuedEmbed
FN:302,warningDmEmbed
FN:314,localWarningsEmbed
FN:321,(anonymous_22)
FN:340,registrationEmbed
FN:352,whoisEmbed
FN:372,formatDuration
FNF:26
FNH:26
FNDA:7,statusEmbed
FNDA:4,(anonymous_1)
FNDA:8,chatMessageEmbed
FNDA:8,playerEventEmbed
FNDA:3,advancementEmbed
FNDA:5,serverEventEmbed
FNDA:5,pollEmbed
FNDA:15,(anonymous_7)
FNDA:3,eventAnnouncementEmbed
FNDA:2,eventListEmbed
FNDA:3,(anonymous_10)
FNDA:2,poiRegisteredEmbed
FNDA:2,poiListEmbed
FNDA:3,(anonymous_13)
FNDA:4,seasonInfoEmbed
FNDA:4,activePunishmentsEmbed
FNDA:4,(anonymous_16)
FNDA:3,punishmentHistoryEmbed
FNDA:14,(anonymous_18)
FNDA:3,warningIssuedEmbed
FNDA:2,warningDmEmbed
FNDA:3,localWarningsEmbed
FNDA:13,(anonymous_22)
FNDA:2,registrationEmbed
FNDA:2,whoisEmbed
FNDA:5,formatDuration
DA:9,7
DA:15,7
DA:30,7
DA:45,7
DA:50,7
DA:52,6
DA:57,6
DA:58,2
DA:60,4
DA:65,6
DA:67,6
DA:68,1
DA:75,6
DA:77,6
DA:85,8
DA:93,8
DA:94,8
DA:100,8
DA:108,3
DA:114,3
DA:115,2
DA:118,3
DA:122,5
DA:126,5
DA:128,5
DA:139,5
DA:140,5
DA:141,15
DA:144,5
DA:157,3
DA:169,2
DA:170,3
DA:187,2
DA:200,2
DA:206,2
DA:207,3
DA:214,2
DA:222,4
DA:232,4
DA:233,3
DA:236,4
DA:244,4
DA:249,4
DA:250,4
DA:253,4
DA:260,4
DA:264,3
DA:270,3
DA:271,3
DA:272,14
DA:273,14
DA:276,14
DA:283,3
DA:284,1
DA:287,3
DA:291,3
DA:303,2
DA:315,3
DA:321,3
DA:322,13
DA:329,3
DA:330,1
DA:333,3
DA:341,2
DA:353,2
DA:373,5
DA:374,5
DA:375,5
DA:376,5
DA:378,5
DA:379,5
DA:380,5
DA:381,5
DA:382,5
DA:384,5
DA:391,7
LF:76
LH:76
BRDA:46,0,0,6
BRDA:46,0,1,1
BRDA:47,1,0,6
BRDA:47,1,1,1
BRDA:50,2,0,1
BRDA:50,2,1,6
BRDA:53,3,0,5
BRDA:53,3,1,1
BRDA:54,4,0,6
BRDA:54,4,1,3
BRDA:57,5,0,2
BRDA:57,5,1,4
BRDA:57,6,0,6
BRDA:57,6,1,5
BRDA:57,6,2,5
BRDA:65,7,0,1
BRDA:65,7,1,5
BRDA:67,8,0,1
BRDA:67,8,1,5
BRDA:75,9,0,1
BRDA:75,9,1,5
BRDA:87,10,0,8
BRDA:87,10,1,2
BRDA:88,11,0,8
BRDA:88,11,1,2
BRDA:101,12,0,8
BRDA:101,12,1,1
BRDA:102,13,0,8
BRDA:102,13,1,1
BRDA:103,14,0,8
BRDA:103,14,1,1
BRDA:114,15,0,2
BRDA:114,15,1,1
BRDA:126,16,0,5
BRDA:126,16,1,1
BRDA:160,17,0,3
BRDA:160,17,1,1
BRDA:173,18,0,3
BRDA:173,18,1,2
BRDA:178,19,0,0
BRDA:178,19,1,3
BRDA:193,20,0,2
BRDA:193,20,1,0
BRDA:209,21,0,3
BRDA:209,21,1,0
BRDA:209,22,0,3
BRDA:209,22,1,1
BRDA:232,23,0,3
BRDA:232,23,1,1
BRDA:250,24,0,1
BRDA:250,24,1,3
BRDA:255,25,0,4
BRDA:255,25,1,1
BRDA:255,26,0,4
BRDA:255,26,1,1
BRDA:272,27,0,2
BRDA:272,27,1,12
BRDA:273,28,0,0
BRDA:273,28,1,14
BRDA:278,29,0,14
BRDA:278,29,1,0
BRDA:278,30,0,14
BRDA:278,30,1,0
BRDA:283,31,0,1
BRDA:283,31,1,2
BRDA:329,32,0,1
BRDA:329,32,1,2
BRDA:379,33,0,1
BRDA:379,33,1,4
BRDA:380,34,0,1
BRDA:380,34,1,4
BRDA:381,35,0,2
BRDA:381,35,1,3
BRDA:382,36,0,1
BRDA:382,36,1,4
BRDA:382,37,0,5
BRDA:382,37,1,1
BRDA:384,38,0,5
BRDA:384,38,1,2
BRF:79
BRH:73
end_of_record
TN:
SF:src\utils\permissions.js
FN:8,isStaff
FN:13,(anonymous_1)
FN:21,isAdmin
FN:31,requireStaff
FNF:4
FNH:4
FNDA:8,isStaff
FNDA:4,(anonymous_1)
FNDA:3,isAdmin
FNDA:2,requireStaff
DA:1,5
DA:9,8
DA:11,6
DA:13,5
DA:22,3
DA:23,2
DA:32,2
DA:33,1
DA:37,1
DA:39,1
DA:42,5
LF:11
LH:11
BRDA:9,0,0,2
BRDA:9,0,1,6
BRDA:11,1,0,1
BRDA:11,1,1,5
BRDA:22,2,0,1
BRDA:22,2,1,2
BRDA:32,3,0,1
BRDA:32,3,1,1
BRF:8
BRH:8
end_of_record
TN:
SF:src\utils\playerResolver.js
FN:21,resolvePlayer
FNF:1
FNH:1
FNDA:17,resolvePlayer
DA:10,2
DA:12,2
DA:22,17
DA:24,2
DA:27,15
DA:28,14
DA:30,11
DA:33,2
LF:8
LH:8
BRDA:22,0,0,2
BRDA:22,0,1,15
BRDA:28,1,0,3
BRDA:28,1,1,11
BRF:4
BRH:4
end_of_record
TN:
SF:src\webhooks\discordsrv.js
FN:33,init
FN:49,(anonymous_1)
FN:54,(anonymous_2)
FN:64,(anonymous_3)
FN:145,(anonymous_4)
FN:153,relayMessage
FN:178,(anonymous_6)
FNF:7
FNH:6
FNDA:16,init
FNDA:1,(anonymous_1)
FNDA:14,(anonymous_2)
FNDA:12,(anonymous_3)
FNDA:0,(anonymous_4)
FNDA:12,relayMessage
FNDA:16,(anonymous_6)
DA:16,1
DA:17,1
DA:23,1
DA:25,1
DA:34,16
DA:35,16
DA:37,16
DA:40,16
DA:41,0
DA:49,16
DA:50,1
DA:54,16
DA:55,14
DA:56,14
DA:57,14
DA:58,2
DA:61,12
DA:64,16
DA:65,12
DA:66,12
DA:68,12
DA:69,0
DA:73,12
DA:74,12
DA:76,12
DA:79,5
DA:83,5
DA:86,1
DA:90,1
DA:93,1
DA:97,1
DA:100,1
DA:104,1
DA:108,1
DA:109,1
DA:110,1
DA:114,1
DA:118,1
DA:119,1
DA:122,1
DA:123,1
DA:127,1
DA:136,12
DA:139,0
DA:140,0
DA:144,16
DA:145,16
DA:146,0
DA:154,12
DA:156,12
DA:160,0
DA:163,0
DA:166,12
DA:167,12
DA:168,11
DA:169,11
DA:172,1
DA:178,16
LF:58
LH:51
BRDA:40,0,0,0
BRDA:40,0,1,16
BRDA:55,1,0,14
BRDA:55,1,1,0
BRDA:56,2,0,14
BRDA:56,2,1,1
BRDA:57,3,0,2
BRDA:57,3,1,12
BRDA:68,4,0,0
BRDA:68,4,1,12
BRDA:68,5,0,12
BRDA:68,5,1,12
BRDA:74,6,0,12
BRDA:74,6,1,2
BRDA:74,6,2,1
BRDA:76,7,0,4
BRDA:76,7,1,5
BRDA:76,7,2,1
BRDA:76,7,3,1
BRDA:76,7,4,1
BRDA:76,7,5,1
BRDA:76,7,6,1
BRDA:76,7,7,1
BRDA:76,7,8,1
BRDA:102,8,0,1
BRDA:102,8,1,0
BRDA:108,9,0,1
BRDA:108,9,1,1
BRDA:108,9,2,0
BRDA:109,10,0,1
BRDA:109,10,1,0
BRDA:130,11,0,1
BRDA:130,11,1,0
BRDA:131,12,0,1
BRDA:131,12,1,0
BRDA:144,13,0,16
BRDA:144,13,1,0
BRDA:156,14,0,0
BRDA:156,14,1,12
BRDA:168,15,0,11
BRDA:168,15,1,0
BRF:41
BRH:30
end_of_record
